============================= test session starts =============================
platform win32 -- Python 3.13.1, pytest-7.4.4, pluggy-1.6.0 -- C:\Users\Mohannad\gas_app_v2\.venv\Scripts\python.exe
cachedir: .pytest_cache
rootdir: C:\Users\Mohannad\gas_app_v2\backend
plugins: anyio-4.12.0, asyncio-0.23.8
asyncio: mode=Mode.STRICT
collecting ... collected 4 items

tests/test_distributor_workflow.py::test_daily_shift_and_cash_flow FAILED [ 25%]
tests/test_inventory_logic.py::test_full_recalculate_integrity_pass FAILED [ 50%]
tests/test_inventory_logic.py::test_order_create_updates_inventory_pass FAILED [ 75%]
tests/test_inventory_logic.py::test_customer_onboarding_integrity_pass FAILED [100%]

================================== FAILURES ===================================
_______________________ test_daily_shift_and_cash_flow ________________________

client = <starlette.testclient.TestClient object at 0x000002B7D0AD3380>

    def test_daily_shift_and_cash_flow(client):
        # Use a fixed date for everything
        TEST_DATE = "2025-01-01"
        ISO_START = f"{TEST_DATE}T00:00:00"
        ISO_ORDER = f"{TEST_DATE}T10:00:00"
    
        # 1. Setup Inventory (Ensure we have 100 full bottles)
        # If init_inventory is your helper, make sure it sets full_count > 0
        client.post("/inventory/init", json={
            "gas_type": "12kg",
            "full_count": 100,
            "empty_count": 0,
            "date": TEST_DATE
        })
    
        # 2. Setup Price
        client.post("/prices", json={
            "gas_type": "12kg",
            "customer_type": "Home",
            "selling_price": 100.0,
            "buying_price": 50.0,
            "effective_from": ISO_START
        })
    
        # 3. Open Shift explicitly for this date
        client.post("/shifts/open", params={
            "opening_cash": 50.0,
            "opened_at": ISO_START  # If your API supports backdating the shift
        })
    
        # 4. Setup Customer
>       c_id = create_customer(client, name="Driver Test")

tests\test_distributor_workflow.py:36: 
_ _ _ _ _ _ _ _ _ _ _ _ _ _ _ _ _ _ _ _ _ _ _ _ _ _ _ _ _ _ _ _ _ _ _ _ _ _ _ _

client = <starlette.testclient.TestClient object at 0x000002B7D0AD3380>

    def create_customer(client, *, name: str = "Alice", customer_type: str = "Home",
                        starting_money: float = 0.0, starting_12kg: int = 0) -> str:
        """Fixed: Added customer_type parameter to avoid 'private' vs 'Home' price mismatch."""
        payload = {
            "name": name,
            "phone": None,
            "customer_type": customer_type,
            "notes": "",
            "starting_money": starting_money,
            "starting_12kg": starting_12kg
        }
        resp = client.post("/customers", json=payload)
>       assert resp.status_code == 201
E       assert 422 == 201
E        +  where 422 = <Response [422 Unprocessable Entity]>.status_code

tests\conftest.py:54: AssertionError
---------------------------- Captured stdout setup ----------------------------
2025-12-23 13:09:56,541 INFO sqlalchemy.engine.Engine BEGIN (implicit)
2025-12-23 13:09:56,541 INFO sqlalchemy.engine.Engine PRAGMA main.table_info("shifts")
2025-12-23 13:09:56,542 INFO sqlalchemy.engine.Engine [raw sql] ()
2025-12-23 13:09:56,546 INFO sqlalchemy.engine.Engine PRAGMA temp.table_info("shifts")
2025-12-23 13:09:56,546 INFO sqlalchemy.engine.Engine [raw sql] ()
2025-12-23 13:09:56,547 INFO sqlalchemy.engine.Engine PRAGMA main.table_info("cash_events")
2025-12-23 13:09:56,547 INFO sqlalchemy.engine.Engine [raw sql] ()
2025-12-23 13:09:56,547 INFO sqlalchemy.engine.Engine PRAGMA temp.table_info("cash_events")
2025-12-23 13:09:56,548 INFO sqlalchemy.engine.Engine [raw sql] ()
2025-12-23 13:09:56,548 INFO sqlalchemy.engine.Engine PRAGMA main.table_info("customer_adjustments")
2025-12-23 13:09:56,549 INFO sqlalchemy.engine.Engine [raw sql] ()
2025-12-23 13:09:56,549 INFO sqlalchemy.engine.Engine PRAGMA temp.table_info("customer_adjustments")
2025-12-23 13:09:56,550 INFO sqlalchemy.engine.Engine [raw sql] ()
2025-12-23 13:09:56,550 INFO sqlalchemy.engine.Engine PRAGMA main.table_info("customers")
2025-12-23 13:09:56,550 INFO sqlalchemy.engine.Engine [raw sql] ()
2025-12-23 13:09:56,551 INFO sqlalchemy.engine.Engine PRAGMA temp.table_info("customers")
2025-12-23 13:09:56,551 INFO sqlalchemy.engine.Engine [raw sql] ()
2025-12-23 13:09:56,552 INFO sqlalchemy.engine.Engine PRAGMA main.table_info("systems")
2025-12-23 13:09:56,552 INFO sqlalchemy.engine.Engine [raw sql] ()
2025-12-23 13:09:56,553 INFO sqlalchemy.engine.Engine PRAGMA temp.table_info("systems")
2025-12-23 13:09:56,553 INFO sqlalchemy.engine.Engine [raw sql] ()
2025-12-23 13:09:56,553 INFO sqlalchemy.engine.Engine PRAGMA main.table_info("orders")
2025-12-23 13:09:56,553 INFO sqlalchemy.engine.Engine [raw sql] ()
2025-12-23 13:09:56,554 INFO sqlalchemy.engine.Engine PRAGMA temp.table_info("orders")
2025-12-23 13:09:56,554 INFO sqlalchemy.engine.Engine [raw sql] ()
2025-12-23 13:09:56,555 INFO sqlalchemy.engine.Engine PRAGMA main.table_info("price_settings")
2025-12-23 13:09:56,555 INFO sqlalchemy.engine.Engine [raw sql] ()
2025-12-23 13:09:56,556 INFO sqlalchemy.engine.Engine PRAGMA temp.table_info("price_settings")
2025-12-23 13:09:56,556 INFO sqlalchemy.engine.Engine [raw sql] ()
2025-12-23 13:09:56,557 INFO sqlalchemy.engine.Engine PRAGMA main.table_info("activities")
2025-12-23 13:09:56,557 INFO sqlalchemy.engine.Engine [raw sql] ()
2025-12-23 13:09:56,557 INFO sqlalchemy.engine.Engine PRAGMA temp.table_info("activities")
2025-12-23 13:09:56,558 INFO sqlalchemy.engine.Engine [raw sql] ()
2025-12-23 13:09:56,558 INFO sqlalchemy.engine.Engine PRAGMA main.table_info("expenses")
2025-12-23 13:09:56,558 INFO sqlalchemy.engine.Engine [raw sql] ()
2025-12-23 13:09:56,560 INFO sqlalchemy.engine.Engine PRAGMA temp.table_info("expenses")
2025-12-23 13:09:56,561 INFO sqlalchemy.engine.Engine [raw sql] ()
2025-12-23 13:09:56,561 INFO sqlalchemy.engine.Engine PRAGMA main.table_info("inventory_versions")
2025-12-23 13:09:56,562 INFO sqlalchemy.engine.Engine [raw sql] ()
2025-12-23 13:09:56,563 INFO sqlalchemy.engine.Engine PRAGMA temp.table_info("inventory_versions")
2025-12-23 13:09:56,563 INFO sqlalchemy.engine.Engine [raw sql] ()
2025-12-23 13:09:56,565 INFO sqlalchemy.engine.Engine 
CREATE TABLE shifts (
	id VARCHAR NOT NULL, 
	opened_at DATETIME NOT NULL, 
	closed_at DATETIME, 
	opening_cash FLOAT NOT NULL, 
	actual_closing_cash FLOAT, 
	is_active BOOLEAN NOT NULL, 
	PRIMARY KEY (id)
)


2025-12-23 13:09:56,565 INFO sqlalchemy.engine.Engine [no key 0.00033s] ()
2025-12-23 13:09:56,578 INFO sqlalchemy.engine.Engine CREATE INDEX ix_shifts_id ON shifts (id)
2025-12-23 13:09:56,579 INFO sqlalchemy.engine.Engine [no key 0.00092s] ()
2025-12-23 13:09:56,585 INFO sqlalchemy.engine.Engine CREATE INDEX ix_shifts_is_active ON shifts (is_active)
2025-12-23 13:09:56,585 INFO sqlalchemy.engine.Engine [no key 0.00029s] ()
2025-12-23 13:09:56,592 INFO sqlalchemy.engine.Engine 
CREATE TABLE customers (
	id VARCHAR NOT NULL, 
	name VARCHAR NOT NULL, 
	phone VARCHAR, 
	notes VARCHAR, 
	customer_type VARCHAR NOT NULL, 
	money_balance FLOAT NOT NULL, 
	total_cylinders_delivered_lifetime INTEGER NOT NULL, 
	order_count INTEGER NOT NULL, 
	cylinder_balance_12kg INTEGER NOT NULL, 
	cylinder_balance_48kg INTEGER NOT NULL, 
	created_at DATETIME NOT NULL, 
	updated_at DATETIME, 
	created_by VARCHAR, 
	updated_by VARCHAR, 
	is_deleted BOOLEAN NOT NULL, 
	deleted_at DATETIME, 
	deletion_reason VARCHAR, 
	PRIMARY KEY (id)
)


2025-12-23 13:09:56,594 INFO sqlalchemy.engine.Engine [no key 0.00135s] ()
2025-12-23 13:09:56,601 INFO sqlalchemy.engine.Engine CREATE INDEX ix_customers_is_deleted ON customers (is_deleted)
2025-12-23 13:09:56,601 INFO sqlalchemy.engine.Engine [no key 0.00032s] ()
2025-12-23 13:09:56,607 INFO sqlalchemy.engine.Engine CREATE INDEX ix_customers_id ON customers (id)
2025-12-23 13:09:56,608 INFO sqlalchemy.engine.Engine [no key 0.00086s] ()
2025-12-23 13:09:56,616 INFO sqlalchemy.engine.Engine CREATE INDEX ix_customers_customer_type ON customers (customer_type)
2025-12-23 13:09:56,617 INFO sqlalchemy.engine.Engine [no key 0.00034s] ()
2025-12-23 13:09:56,625 INFO sqlalchemy.engine.Engine 
CREATE TABLE price_settings (
	id VARCHAR NOT NULL, 
	gas_type VARCHAR NOT NULL, 
	customer_type VARCHAR NOT NULL, 
	selling_price FLOAT NOT NULL, 
	buying_price FLOAT, 
	effective_from DATETIME NOT NULL, 
	created_at DATETIME NOT NULL, 
	created_by VARCHAR, 
	PRIMARY KEY (id)
)


2025-12-23 13:09:56,625 INFO sqlalchemy.engine.Engine [no key 0.00035s] ()
2025-12-23 13:09:56,634 INFO sqlalchemy.engine.Engine CREATE INDEX ix_price_settings_effective_from ON price_settings (effective_from)
2025-12-23 13:09:56,635 INFO sqlalchemy.engine.Engine [no key 0.00029s] ()
2025-12-23 13:09:56,644 INFO sqlalchemy.engine.Engine CREATE INDEX ix_price_settings_gas_type ON price_settings (gas_type)
2025-12-23 13:09:56,644 INFO sqlalchemy.engine.Engine [no key 0.00054s] ()
2025-12-23 13:09:56,653 INFO sqlalchemy.engine.Engine CREATE INDEX ix_price_settings_customer_type ON price_settings (customer_type)
2025-12-23 13:09:56,653 INFO sqlalchemy.engine.Engine [no key 0.00031s] ()
2025-12-23 13:09:56,662 INFO sqlalchemy.engine.Engine CREATE INDEX ix_price_settings_id ON price_settings (id)
2025-12-23 13:09:56,662 INFO sqlalchemy.engine.Engine [no key 0.00033s] ()
2025-12-23 13:09:56,673 INFO sqlalchemy.engine.Engine 
CREATE TABLE activities (
	id VARCHAR NOT NULL, 
	entity_type VARCHAR NOT NULL, 
	entity_id VARCHAR, 
	action VARCHAR NOT NULL, 
	description VARCHAR NOT NULL, 
	metadata TEXT, 
	created_at DATETIME NOT NULL, 
	created_by VARCHAR, 
	PRIMARY KEY (id)
)


2025-12-23 13:09:56,674 INFO sqlalchemy.engine.Engine [no key 0.00033s] ()
2025-12-23 13:09:56,684 INFO sqlalchemy.engine.Engine CREATE INDEX ix_activities_id ON activities (id)
2025-12-23 13:09:56,684 INFO sqlalchemy.engine.Engine [no key 0.00033s] ()
2025-12-23 13:09:56,690 INFO sqlalchemy.engine.Engine CREATE INDEX ix_activities_created_at ON activities (created_at)
2025-12-23 13:09:56,690 INFO sqlalchemy.engine.Engine [no key 0.00031s] ()
2025-12-23 13:09:56,700 INFO sqlalchemy.engine.Engine CREATE INDEX ix_activities_entity_id ON activities (entity_id)
2025-12-23 13:09:56,701 INFO sqlalchemy.engine.Engine [no key 0.00051s] ()
2025-12-23 13:09:56,707 INFO sqlalchemy.engine.Engine CREATE INDEX ix_activities_action ON activities (action)
2025-12-23 13:09:56,707 INFO sqlalchemy.engine.Engine [no key 0.00055s] ()
2025-12-23 13:09:56,715 INFO sqlalchemy.engine.Engine CREATE INDEX ix_activities_entity_type ON activities (entity_type)
2025-12-23 13:09:56,715 INFO sqlalchemy.engine.Engine [no key 0.00032s] ()
2025-12-23 13:09:56,723 INFO sqlalchemy.engine.Engine 
CREATE TABLE expenses (
	id VARCHAR NOT NULL, 
	date VARCHAR NOT NULL, 
	expense_type VARCHAR NOT NULL, 
	amount FLOAT NOT NULL, 
	note VARCHAR, 
	created_at DATETIME NOT NULL, 
	created_by VARCHAR, 
	PRIMARY KEY (id), 
	CONSTRAINT uq_expense_date_type UNIQUE (date, expense_type)
)


2025-12-23 13:09:56,723 INFO sqlalchemy.engine.Engine [no key 0.00034s] ()
2025-12-23 13:09:56,731 INFO sqlalchemy.engine.Engine CREATE INDEX ix_expenses_date ON expenses (date)
2025-12-23 13:09:56,731 INFO sqlalchemy.engine.Engine [no key 0.00043s] ()
2025-12-23 13:09:56,739 INFO sqlalchemy.engine.Engine CREATE INDEX ix_expenses_id ON expenses (id)
2025-12-23 13:09:56,739 INFO sqlalchemy.engine.Engine [no key 0.00031s] ()
2025-12-23 13:09:56,753 INFO sqlalchemy.engine.Engine CREATE INDEX ix_expenses_expense_type ON expenses (expense_type)
2025-12-23 13:09:56,754 INFO sqlalchemy.engine.Engine [no key 0.00043s] ()
2025-12-23 13:09:56,765 INFO sqlalchemy.engine.Engine 
CREATE TABLE inventory_versions (
	id VARCHAR NOT NULL, 
	gas_type VARCHAR NOT NULL, 
	full_count INTEGER NOT NULL, 
	empty_count INTEGER NOT NULL, 
	reason VARCHAR, 
	event_type VARCHAR, 
	event_id VARCHAR, 
	effective_at DATETIME NOT NULL, 
	created_at DATETIME NOT NULL, 
	created_by VARCHAR, 
	PRIMARY KEY (id)
)


2025-12-23 13:09:56,765 INFO sqlalchemy.engine.Engine [no key 0.00056s] ()
2025-12-23 13:09:56,774 INFO sqlalchemy.engine.Engine CREATE INDEX ix_inventory_versions_event_type ON inventory_versions (event_type)
2025-12-23 13:09:56,774 INFO sqlalchemy.engine.Engine [no key 0.00030s] ()
2025-12-23 13:09:56,783 INFO sqlalchemy.engine.Engine CREATE INDEX ix_inventory_versions_created_by ON inventory_versions (created_by)
2025-12-23 13:09:56,784 INFO sqlalchemy.engine.Engine [no key 0.00033s] ()
2025-12-23 13:09:56,797 INFO sqlalchemy.engine.Engine CREATE INDEX ix_inventory_versions_event_id ON inventory_versions (event_id)
2025-12-23 13:09:56,797 INFO sqlalchemy.engine.Engine [no key 0.00032s] ()
2025-12-23 13:09:56,804 INFO sqlalchemy.engine.Engine CREATE INDEX ix_inventory_versions_gas_type ON inventory_versions (gas_type)
2025-12-23 13:09:56,804 INFO sqlalchemy.engine.Engine [no key 0.00035s] ()
2025-12-23 13:09:56,812 INFO sqlalchemy.engine.Engine CREATE INDEX ix_inventory_versions_id ON inventory_versions (id)
2025-12-23 13:09:56,813 INFO sqlalchemy.engine.Engine [no key 0.00032s] ()
2025-12-23 13:09:56,819 INFO sqlalchemy.engine.Engine CREATE INDEX ix_inventory_versions_created_at ON inventory_versions (created_at)
2025-12-23 13:09:56,819 INFO sqlalchemy.engine.Engine [no key 0.00033s] ()
2025-12-23 13:09:56,828 INFO sqlalchemy.engine.Engine CREATE INDEX ix_inventory_versions_effective_at ON inventory_versions (effective_at)
2025-12-23 13:09:56,828 INFO sqlalchemy.engine.Engine [no key 0.00038s] ()
2025-12-23 13:09:56,836 INFO sqlalchemy.engine.Engine 
CREATE TABLE cash_events (
	id VARCHAR NOT NULL, 
	shift_id VARCHAR NOT NULL, 
	direction VARCHAR(3) NOT NULL, 
	amount FLOAT NOT NULL, 
	reason VARCHAR NOT NULL, 
	related_entity_id VARCHAR, 
	created_at DATETIME NOT NULL, 
	PRIMARY KEY (id), 
	FOREIGN KEY(shift_id) REFERENCES shifts (id)
)


2025-12-23 13:09:56,836 INFO sqlalchemy.engine.Engine [no key 0.00031s] ()
2025-12-23 13:09:56,845 INFO sqlalchemy.engine.Engine CREATE INDEX ix_cash_events_shift_id ON cash_events (shift_id)
2025-12-23 13:09:56,846 INFO sqlalchemy.engine.Engine [no key 0.00034s] ()
2025-12-23 13:09:56,854 INFO sqlalchemy.engine.Engine CREATE INDEX ix_cash_events_id ON cash_events (id)
2025-12-23 13:09:56,855 INFO sqlalchemy.engine.Engine [no key 0.00033s] ()
2025-12-23 13:09:56,867 INFO sqlalchemy.engine.Engine 
CREATE TABLE customer_adjustments (
	id VARCHAR NOT NULL, 
	customer_id VARCHAR NOT NULL, 
	amount_money FLOAT NOT NULL, 
	count_12kg INTEGER NOT NULL, 
	count_48kg INTEGER NOT NULL, 
	reason VARCHAR NOT NULL, 
	is_inventory_neutral BOOLEAN NOT NULL, 
	created_at DATETIME NOT NULL, 
	PRIMARY KEY (id), 
	FOREIGN KEY(customer_id) REFERENCES customers (id)
)


2025-12-23 13:09:56,867 INFO sqlalchemy.engine.Engine [no key 0.00035s] ()
2025-12-23 13:09:56,877 INFO sqlalchemy.engine.Engine CREATE INDEX ix_customer_adjustments_id ON customer_adjustments (id)
2025-12-23 13:09:56,877 INFO sqlalchemy.engine.Engine [no key 0.00035s] ()
2025-12-23 13:09:56,888 INFO sqlalchemy.engine.Engine CREATE INDEX ix_customer_adjustments_customer_id ON customer_adjustments (customer_id)
2025-12-23 13:09:56,889 INFO sqlalchemy.engine.Engine [no key 0.00034s] ()
2025-12-23 13:09:56,898 INFO sqlalchemy.engine.Engine 
CREATE TABLE systems (
	id VARCHAR NOT NULL, 
	customer_id VARCHAR NOT NULL, 
	name VARCHAR NOT NULL, 
	location VARCHAR, 
	system_type VARCHAR NOT NULL, 
	gas_type VARCHAR, 
	system_customer_type VARCHAR, 
	is_deleted BOOLEAN NOT NULL, 
	deleted_at DATETIME, 
	deletion_reason VARCHAR, 
	created_at DATETIME NOT NULL, 
	updated_at DATETIME, 
	created_by VARCHAR, 
	updated_by VARCHAR, 
	is_active BOOLEAN NOT NULL, 
	require_security_check BOOLEAN NOT NULL, 
	security_check_exists BOOLEAN NOT NULL, 
	security_check_date DATETIME, 
	PRIMARY KEY (id), 
	FOREIGN KEY(customer_id) REFERENCES customers (id)
)


2025-12-23 13:09:56,899 INFO sqlalchemy.engine.Engine [no key 0.00031s] ()
2025-12-23 13:09:56,905 INFO sqlalchemy.engine.Engine CREATE INDEX ix_systems_is_active ON systems (is_active)
2025-12-23 13:09:56,906 INFO sqlalchemy.engine.Engine [no key 0.00046s] ()
2025-12-23 13:09:56,914 INFO sqlalchemy.engine.Engine CREATE INDEX ix_systems_customer_id ON systems (customer_id)
2025-12-23 13:09:56,914 INFO sqlalchemy.engine.Engine [no key 0.00029s] ()
2025-12-23 13:09:56,921 INFO sqlalchemy.engine.Engine CREATE INDEX ix_systems_security_check_exists ON systems (security_check_exists)
2025-12-23 13:09:56,922 INFO sqlalchemy.engine.Engine [no key 0.00033s] ()
2025-12-23 13:09:56,930 INFO sqlalchemy.engine.Engine CREATE INDEX ix_systems_gas_type ON systems (gas_type)
2025-12-23 13:09:56,930 INFO sqlalchemy.engine.Engine [no key 0.00035s] ()
2025-12-23 13:09:56,938 INFO sqlalchemy.engine.Engine CREATE INDEX ix_systems_system_customer_type ON systems (system_customer_type)
2025-12-23 13:09:56,938 INFO sqlalchemy.engine.Engine [no key 0.00030s] ()
2025-12-23 13:09:56,952 INFO sqlalchemy.engine.Engine CREATE INDEX ix_systems_system_type ON systems (system_type)
2025-12-23 13:09:56,952 INFO sqlalchemy.engine.Engine [no key 0.00034s] ()
2025-12-23 13:09:56,964 INFO sqlalchemy.engine.Engine CREATE INDEX ix_systems_is_deleted ON systems (is_deleted)
2025-12-23 13:09:56,964 INFO sqlalchemy.engine.Engine [no key 0.00033s] ()
2025-12-23 13:09:56,973 INFO sqlalchemy.engine.Engine CREATE INDEX ix_systems_security_check_date ON systems (security_check_date)
2025-12-23 13:09:56,973 INFO sqlalchemy.engine.Engine [no key 0.00031s] ()
2025-12-23 13:09:56,985 INFO sqlalchemy.engine.Engine CREATE INDEX ix_systems_id ON systems (id)
2025-12-23 13:09:56,986 INFO sqlalchemy.engine.Engine [no key 0.00030s] ()
2025-12-23 13:09:56,996 INFO sqlalchemy.engine.Engine CREATE INDEX ix_systems_require_security_check ON systems (require_security_check)
2025-12-23 13:09:56,996 INFO sqlalchemy.engine.Engine [no key 0.00045s] ()
2025-12-23 13:09:57,004 INFO sqlalchemy.engine.Engine 
CREATE TABLE orders (
	id VARCHAR NOT NULL, 
	customer_id VARCHAR NOT NULL, 
	system_id VARCHAR NOT NULL, 
	price_setting_id VARCHAR, 
	unit_price_sell FLOAT, 
	unit_price_buy FLOAT, 
	delivered_at DATETIME NOT NULL, 
	gas_type VARCHAR NOT NULL, 
	cylinders_installed INTEGER NOT NULL, 
	cylinders_received INTEGER NOT NULL, 
	price_total FLOAT NOT NULL, 
	paid_amount FLOAT NOT NULL, 
	note VARCHAR, 
	created_at DATETIME NOT NULL, 
	updated_at DATETIME, 
	created_by VARCHAR, 
	updated_by VARCHAR, 
	is_deleted BOOLEAN NOT NULL, 
	deleted_at DATETIME, 
	deletion_reason VARCHAR, 
	PRIMARY KEY (id), 
	FOREIGN KEY(customer_id) REFERENCES customers (id), 
	FOREIGN KEY(system_id) REFERENCES systems (id), 
	FOREIGN KEY(price_setting_id) REFERENCES price_settings (id)
)


2025-12-23 13:09:57,005 INFO sqlalchemy.engine.Engine [no key 0.00044s] ()
2025-12-23 13:09:57,015 INFO sqlalchemy.engine.Engine CREATE INDEX ix_orders_id ON orders (id)
2025-12-23 13:09:57,016 INFO sqlalchemy.engine.Engine [no key 0.00033s] ()
2025-12-23 13:09:57,023 INFO sqlalchemy.engine.Engine CREATE INDEX ix_orders_delivered_at ON orders (delivered_at)
2025-12-23 13:09:57,023 INFO sqlalchemy.engine.Engine [no key 0.00034s] ()
2025-12-23 13:09:57,037 INFO sqlalchemy.engine.Engine CREATE INDEX ix_orders_price_setting_id ON orders (price_setting_id)
2025-12-23 13:09:57,037 INFO sqlalchemy.engine.Engine [no key 0.00034s] ()
2025-12-23 13:09:57,050 INFO sqlalchemy.engine.Engine CREATE INDEX ix_orders_is_deleted ON orders (is_deleted)
2025-12-23 13:09:57,051 INFO sqlalchemy.engine.Engine [no key 0.00032s] ()
2025-12-23 13:09:57,058 INFO sqlalchemy.engine.Engine CREATE INDEX ix_orders_system_id ON orders (system_id)
2025-12-23 13:09:57,062 INFO sqlalchemy.engine.Engine [no key 0.00328s] ()
2025-12-23 13:09:57,070 INFO sqlalchemy.engine.Engine CREATE INDEX ix_orders_customer_id ON orders (customer_id)
2025-12-23 13:09:57,070 INFO sqlalchemy.engine.Engine [no key 0.00034s] ()
2025-12-23 13:09:57,079 INFO sqlalchemy.engine.Engine CREATE INDEX ix_orders_gas_type ON orders (gas_type)
2025-12-23 13:09:57,080 INFO sqlalchemy.engine.Engine [no key 0.00038s] ()
2025-12-23 13:09:57,088 INFO sqlalchemy.engine.Engine COMMIT
2025-12-23 13:09:57,163 INFO sqlalchemy.engine.Engine BEGIN (implicit)
2025-12-23 13:09:57,164 INFO sqlalchemy.engine.Engine PRAGMA main.table_info("shifts")
2025-12-23 13:09:57,164 INFO sqlalchemy.engine.Engine [raw sql] ()
2025-12-23 13:09:57,165 INFO sqlalchemy.engine.Engine PRAGMA main.table_info("cash_events")
2025-12-23 13:09:57,165 INFO sqlalchemy.engine.Engine [raw sql] ()
2025-12-23 13:09:57,166 INFO sqlalchemy.engine.Engine PRAGMA main.table_info("customer_adjustments")
2025-12-23 13:09:57,166 INFO sqlalchemy.engine.Engine [raw sql] ()
2025-12-23 13:09:57,166 INFO sqlalchemy.engine.Engine PRAGMA main.table_info("customers")
2025-12-23 13:09:57,167 INFO sqlalchemy.engine.Engine [raw sql] ()
2025-12-23 13:09:57,167 INFO sqlalchemy.engine.Engine PRAGMA main.table_info("systems")
2025-12-23 13:09:57,168 INFO sqlalchemy.engine.Engine [raw sql] ()
2025-12-23 13:09:57,168 INFO sqlalchemy.engine.Engine PRAGMA main.table_info("orders")
2025-12-23 13:09:57,169 INFO sqlalchemy.engine.Engine [raw sql] ()
2025-12-23 13:09:57,170 INFO sqlalchemy.engine.Engine PRAGMA main.table_info("price_settings")
2025-12-23 13:09:57,170 INFO sqlalchemy.engine.Engine [raw sql] ()
2025-12-23 13:09:57,171 INFO sqlalchemy.engine.Engine PRAGMA main.table_info("activities")
2025-12-23 13:09:57,171 INFO sqlalchemy.engine.Engine [raw sql] ()
2025-12-23 13:09:57,172 INFO sqlalchemy.engine.Engine PRAGMA main.table_info("expenses")
2025-12-23 13:09:57,172 INFO sqlalchemy.engine.Engine [raw sql] ()
2025-12-23 13:09:57,173 INFO sqlalchemy.engine.Engine PRAGMA main.table_info("inventory_versions")
2025-12-23 13:09:57,173 INFO sqlalchemy.engine.Engine [raw sql] ()
2025-12-23 13:09:57,174 INFO sqlalchemy.engine.Engine COMMIT
2025-12-23 13:09:57,234 INFO sqlalchemy.engine.Engine BEGIN (implicit)
2025-12-23 13:09:57,235 INFO sqlalchemy.engine.Engine PRAGMA main.table_info("shifts")
2025-12-23 13:09:57,235 INFO sqlalchemy.engine.Engine [raw sql] ()
2025-12-23 13:09:57,235 INFO sqlalchemy.engine.Engine PRAGMA main.table_info("cash_events")
2025-12-23 13:09:57,236 INFO sqlalchemy.engine.Engine [raw sql] ()
2025-12-23 13:09:57,236 INFO sqlalchemy.engine.Engine PRAGMA main.table_info("customer_adjustments")
2025-12-23 13:09:57,238 INFO sqlalchemy.engine.Engine [raw sql] ()
2025-12-23 13:09:57,238 INFO sqlalchemy.engine.Engine PRAGMA main.table_info("customers")
2025-12-23 13:09:57,239 INFO sqlalchemy.engine.Engine [raw sql] ()
2025-12-23 13:09:57,239 INFO sqlalchemy.engine.Engine PRAGMA main.table_info("systems")
2025-12-23 13:09:57,239 INFO sqlalchemy.engine.Engine [raw sql] ()
2025-12-23 13:09:57,241 INFO sqlalchemy.engine.Engine PRAGMA main.table_info("orders")
2025-12-23 13:09:57,242 INFO sqlalchemy.engine.Engine [raw sql] ()
2025-12-23 13:09:57,243 INFO sqlalchemy.engine.Engine PRAGMA main.table_info("price_settings")
2025-12-23 13:09:57,243 INFO sqlalchemy.engine.Engine [raw sql] ()
2025-12-23 13:09:57,245 INFO sqlalchemy.engine.Engine PRAGMA main.table_info("activities")
2025-12-23 13:09:57,246 INFO sqlalchemy.engine.Engine [raw sql] ()
2025-12-23 13:09:57,246 INFO sqlalchemy.engine.Engine PRAGMA main.table_info("expenses")
2025-12-23 13:09:57,247 INFO sqlalchemy.engine.Engine [raw sql] ()
2025-12-23 13:09:57,248 INFO sqlalchemy.engine.Engine PRAGMA main.table_info("inventory_versions")
2025-12-23 13:09:57,249 INFO sqlalchemy.engine.Engine [raw sql] ()
2025-12-23 13:09:57,250 INFO sqlalchemy.engine.Engine COMMIT
----------------------------- Captured log setup ------------------------------
INFO     sqlalchemy.engine.Engine:base.py:2702 BEGIN (implicit)
INFO     sqlalchemy.engine.Engine:base.py:1846 PRAGMA main.table_info("shifts")
INFO     sqlalchemy.engine.Engine:base.py:1846 [raw sql] ()
INFO     sqlalchemy.engine.Engine:base.py:1846 PRAGMA temp.table_info("shifts")
INFO     sqlalchemy.engine.Engine:base.py:1846 [raw sql] ()
INFO     sqlalchemy.engine.Engine:base.py:1846 PRAGMA main.table_info("cash_events")
INFO     sqlalchemy.engine.Engine:base.py:1846 [raw sql] ()
INFO     sqlalchemy.engine.Engine:base.py:1846 PRAGMA temp.table_info("cash_events")
INFO     sqlalchemy.engine.Engine:base.py:1846 [raw sql] ()
INFO     sqlalchemy.engine.Engine:base.py:1846 PRAGMA main.table_info("customer_adjustments")
INFO     sqlalchemy.engine.Engine:base.py:1846 [raw sql] ()
INFO     sqlalchemy.engine.Engine:base.py:1846 PRAGMA temp.table_info("customer_adjustments")
INFO     sqlalchemy.engine.Engine:base.py:1846 [raw sql] ()
INFO     sqlalchemy.engine.Engine:base.py:1846 PRAGMA main.table_info("customers")
INFO     sqlalchemy.engine.Engine:base.py:1846 [raw sql] ()
INFO     sqlalchemy.engine.Engine:base.py:1846 PRAGMA temp.table_info("customers")
INFO     sqlalchemy.engine.Engine:base.py:1846 [raw sql] ()
INFO     sqlalchemy.engine.Engine:base.py:1846 PRAGMA main.table_info("systems")
INFO     sqlalchemy.engine.Engine:base.py:1846 [raw sql] ()
INFO     sqlalchemy.engine.Engine:base.py:1846 PRAGMA temp.table_info("systems")
INFO     sqlalchemy.engine.Engine:base.py:1846 [raw sql] ()
INFO     sqlalchemy.engine.Engine:base.py:1846 PRAGMA main.table_info("orders")
INFO     sqlalchemy.engine.Engine:base.py:1846 [raw sql] ()
INFO     sqlalchemy.engine.Engine:base.py:1846 PRAGMA temp.table_info("orders")
INFO     sqlalchemy.engine.Engine:base.py:1846 [raw sql] ()
INFO     sqlalchemy.engine.Engine:base.py:1846 PRAGMA main.table_info("price_settings")
INFO     sqlalchemy.engine.Engine:base.py:1846 [raw sql] ()
INFO     sqlalchemy.engine.Engine:base.py:1846 PRAGMA temp.table_info("price_settings")
INFO     sqlalchemy.engine.Engine:base.py:1846 [raw sql] ()
INFO     sqlalchemy.engine.Engine:base.py:1846 PRAGMA main.table_info("activities")
INFO     sqlalchemy.engine.Engine:base.py:1846 [raw sql] ()
INFO     sqlalchemy.engine.Engine:base.py:1846 PRAGMA temp.table_info("activities")
INFO     sqlalchemy.engine.Engine:base.py:1846 [raw sql] ()
INFO     sqlalchemy.engine.Engine:base.py:1846 PRAGMA main.table_info("expenses")
INFO     sqlalchemy.engine.Engine:base.py:1846 [raw sql] ()
INFO     sqlalchemy.engine.Engine:base.py:1846 PRAGMA temp.table_info("expenses")
INFO     sqlalchemy.engine.Engine:base.py:1846 [raw sql] ()
INFO     sqlalchemy.engine.Engine:base.py:1846 PRAGMA main.table_info("inventory_versions")
INFO     sqlalchemy.engine.Engine:base.py:1846 [raw sql] ()
INFO     sqlalchemy.engine.Engine:base.py:1846 PRAGMA temp.table_info("inventory_versions")
INFO     sqlalchemy.engine.Engine:base.py:1846 [raw sql] ()
INFO     sqlalchemy.engine.Engine:base.py:1846 
CREATE TABLE shifts (
	id VARCHAR NOT NULL, 
	opened_at DATETIME NOT NULL, 
	closed_at DATETIME, 
	opening_cash FLOAT NOT NULL, 
	actual_closing_cash FLOAT, 
	is_active BOOLEAN NOT NULL, 
	PRIMARY KEY (id)
)


INFO     sqlalchemy.engine.Engine:base.py:1846 [no key 0.00033s] ()
INFO     sqlalchemy.engine.Engine:base.py:1846 CREATE INDEX ix_shifts_id ON shifts (id)
INFO     sqlalchemy.engine.Engine:base.py:1846 [no key 0.00092s] ()
INFO     sqlalchemy.engine.Engine:base.py:1846 CREATE INDEX ix_shifts_is_active ON shifts (is_active)
INFO     sqlalchemy.engine.Engine:base.py:1846 [no key 0.00029s] ()
INFO     sqlalchemy.engine.Engine:base.py:1846 
CREATE TABLE customers (
	id VARCHAR NOT NULL, 
	name VARCHAR NOT NULL, 
	phone VARCHAR, 
	notes VARCHAR, 
	customer_type VARCHAR NOT NULL, 
	money_balance FLOAT NOT NULL, 
	total_cylinders_delivered_lifetime INTEGER NOT NULL, 
	order_count INTEGER NOT NULL, 
	cylinder_balance_12kg INTEGER NOT NULL, 
	cylinder_balance_48kg INTEGER NOT NULL, 
	created_at DATETIME NOT NULL, 
	updated_at DATETIME, 
	created_by VARCHAR, 
	updated_by VARCHAR, 
	is_deleted BOOLEAN NOT NULL, 
	deleted_at DATETIME, 
	deletion_reason VARCHAR, 
	PRIMARY KEY (id)
)


INFO     sqlalchemy.engine.Engine:base.py:1846 [no key 0.00135s] ()
INFO     sqlalchemy.engine.Engine:base.py:1846 CREATE INDEX ix_customers_is_deleted ON customers (is_deleted)
INFO     sqlalchemy.engine.Engine:base.py:1846 [no key 0.00032s] ()
INFO     sqlalchemy.engine.Engine:base.py:1846 CREATE INDEX ix_customers_id ON customers (id)
INFO     sqlalchemy.engine.Engine:base.py:1846 [no key 0.00086s] ()
INFO     sqlalchemy.engine.Engine:base.py:1846 CREATE INDEX ix_customers_customer_type ON customers (customer_type)
INFO     sqlalchemy.engine.Engine:base.py:1846 [no key 0.00034s] ()
INFO     sqlalchemy.engine.Engine:base.py:1846 
CREATE TABLE price_settings (
	id VARCHAR NOT NULL, 
	gas_type VARCHAR NOT NULL, 
	customer_type VARCHAR NOT NULL, 
	selling_price FLOAT NOT NULL, 
	buying_price FLOAT, 
	effective_from DATETIME NOT NULL, 
	created_at DATETIME NOT NULL, 
	created_by VARCHAR, 
	PRIMARY KEY (id)
)


INFO     sqlalchemy.engine.Engine:base.py:1846 [no key 0.00035s] ()
INFO     sqlalchemy.engine.Engine:base.py:1846 CREATE INDEX ix_price_settings_effective_from ON price_settings (effective_from)
INFO     sqlalchemy.engine.Engine:base.py:1846 [no key 0.00029s] ()
INFO     sqlalchemy.engine.Engine:base.py:1846 CREATE INDEX ix_price_settings_gas_type ON price_settings (gas_type)
INFO     sqlalchemy.engine.Engine:base.py:1846 [no key 0.00054s] ()
INFO     sqlalchemy.engine.Engine:base.py:1846 CREATE INDEX ix_price_settings_customer_type ON price_settings (customer_type)
INFO     sqlalchemy.engine.Engine:base.py:1846 [no key 0.00031s] ()
INFO     sqlalchemy.engine.Engine:base.py:1846 CREATE INDEX ix_price_settings_id ON price_settings (id)
INFO     sqlalchemy.engine.Engine:base.py:1846 [no key 0.00033s] ()
INFO     sqlalchemy.engine.Engine:base.py:1846 
CREATE TABLE activities (
	id VARCHAR NOT NULL, 
	entity_type VARCHAR NOT NULL, 
	entity_id VARCHAR, 
	action VARCHAR NOT NULL, 
	description VARCHAR NOT NULL, 
	metadata TEXT, 
	created_at DATETIME NOT NULL, 
	created_by VARCHAR, 
	PRIMARY KEY (id)
)


INFO     sqlalchemy.engine.Engine:base.py:1846 [no key 0.00033s] ()
INFO     sqlalchemy.engine.Engine:base.py:1846 CREATE INDEX ix_activities_id ON activities (id)
INFO     sqlalchemy.engine.Engine:base.py:1846 [no key 0.00033s] ()
INFO     sqlalchemy.engine.Engine:base.py:1846 CREATE INDEX ix_activities_created_at ON activities (created_at)
INFO     sqlalchemy.engine.Engine:base.py:1846 [no key 0.00031s] ()
INFO     sqlalchemy.engine.Engine:base.py:1846 CREATE INDEX ix_activities_entity_id ON activities (entity_id)
INFO     sqlalchemy.engine.Engine:base.py:1846 [no key 0.00051s] ()
INFO     sqlalchemy.engine.Engine:base.py:1846 CREATE INDEX ix_activities_action ON activities (action)
INFO     sqlalchemy.engine.Engine:base.py:1846 [no key 0.00055s] ()
INFO     sqlalchemy.engine.Engine:base.py:1846 CREATE INDEX ix_activities_entity_type ON activities (entity_type)
INFO     sqlalchemy.engine.Engine:base.py:1846 [no key 0.00032s] ()
INFO     sqlalchemy.engine.Engine:base.py:1846 
CREATE TABLE expenses (
	id VARCHAR NOT NULL, 
	date VARCHAR NOT NULL, 
	expense_type VARCHAR NOT NULL, 
	amount FLOAT NOT NULL, 
	note VARCHAR, 
	created_at DATETIME NOT NULL, 
	created_by VARCHAR, 
	PRIMARY KEY (id), 
	CONSTRAINT uq_expense_date_type UNIQUE (date, expense_type)
)


INFO     sqlalchemy.engine.Engine:base.py:1846 [no key 0.00034s] ()
INFO     sqlalchemy.engine.Engine:base.py:1846 CREATE INDEX ix_expenses_date ON expenses (date)
INFO     sqlalchemy.engine.Engine:base.py:1846 [no key 0.00043s] ()
INFO     sqlalchemy.engine.Engine:base.py:1846 CREATE INDEX ix_expenses_id ON expenses (id)
INFO     sqlalchemy.engine.Engine:base.py:1846 [no key 0.00031s] ()
INFO     sqlalchemy.engine.Engine:base.py:1846 CREATE INDEX ix_expenses_expense_type ON expenses (expense_type)
INFO     sqlalchemy.engine.Engine:base.py:1846 [no key 0.00043s] ()
INFO     sqlalchemy.engine.Engine:base.py:1846 
CREATE TABLE inventory_versions (
	id VARCHAR NOT NULL, 
	gas_type VARCHAR NOT NULL, 
	full_count INTEGER NOT NULL, 
	empty_count INTEGER NOT NULL, 
	reason VARCHAR, 
	event_type VARCHAR, 
	event_id VARCHAR, 
	effective_at DATETIME NOT NULL, 
	created_at DATETIME NOT NULL, 
	created_by VARCHAR, 
	PRIMARY KEY (id)
)


INFO     sqlalchemy.engine.Engine:base.py:1846 [no key 0.00056s] ()
INFO     sqlalchemy.engine.Engine:base.py:1846 CREATE INDEX ix_inventory_versions_event_type ON inventory_versions (event_type)
INFO     sqlalchemy.engine.Engine:base.py:1846 [no key 0.00030s] ()
INFO     sqlalchemy.engine.Engine:base.py:1846 CREATE INDEX ix_inventory_versions_created_by ON inventory_versions (created_by)
INFO     sqlalchemy.engine.Engine:base.py:1846 [no key 0.00033s] ()
INFO     sqlalchemy.engine.Engine:base.py:1846 CREATE INDEX ix_inventory_versions_event_id ON inventory_versions (event_id)
INFO     sqlalchemy.engine.Engine:base.py:1846 [no key 0.00032s] ()
INFO     sqlalchemy.engine.Engine:base.py:1846 CREATE INDEX ix_inventory_versions_gas_type ON inventory_versions (gas_type)
INFO     sqlalchemy.engine.Engine:base.py:1846 [no key 0.00035s] ()
INFO     sqlalchemy.engine.Engine:base.py:1846 CREATE INDEX ix_inventory_versions_id ON inventory_versions (id)
INFO     sqlalchemy.engine.Engine:base.py:1846 [no key 0.00032s] ()
INFO     sqlalchemy.engine.Engine:base.py:1846 CREATE INDEX ix_inventory_versions_created_at ON inventory_versions (created_at)
INFO     sqlalchemy.engine.Engine:base.py:1846 [no key 0.00033s] ()
INFO     sqlalchemy.engine.Engine:base.py:1846 CREATE INDEX ix_inventory_versions_effective_at ON inventory_versions (effective_at)
INFO     sqlalchemy.engine.Engine:base.py:1846 [no key 0.00038s] ()
INFO     sqlalchemy.engine.Engine:base.py:1846 
CREATE TABLE cash_events (
	id VARCHAR NOT NULL, 
	shift_id VARCHAR NOT NULL, 
	direction VARCHAR(3) NOT NULL, 
	amount FLOAT NOT NULL, 
	reason VARCHAR NOT NULL, 
	related_entity_id VARCHAR, 
	created_at DATETIME NOT NULL, 
	PRIMARY KEY (id), 
	FOREIGN KEY(shift_id) REFERENCES shifts (id)
)


INFO     sqlalchemy.engine.Engine:base.py:1846 [no key 0.00031s] ()
INFO     sqlalchemy.engine.Engine:base.py:1846 CREATE INDEX ix_cash_events_shift_id ON cash_events (shift_id)
INFO     sqlalchemy.engine.Engine:base.py:1846 [no key 0.00034s] ()
INFO     sqlalchemy.engine.Engine:base.py:1846 CREATE INDEX ix_cash_events_id ON cash_events (id)
INFO     sqlalchemy.engine.Engine:base.py:1846 [no key 0.00033s] ()
INFO     sqlalchemy.engine.Engine:base.py:1846 
CREATE TABLE customer_adjustments (
	id VARCHAR NOT NULL, 
	customer_id VARCHAR NOT NULL, 
	amount_money FLOAT NOT NULL, 
	count_12kg INTEGER NOT NULL, 
	count_48kg INTEGER NOT NULL, 
	reason VARCHAR NOT NULL, 
	is_inventory_neutral BOOLEAN NOT NULL, 
	created_at DATETIME NOT NULL, 
	PRIMARY KEY (id), 
	FOREIGN KEY(customer_id) REFERENCES customers (id)
)


INFO     sqlalchemy.engine.Engine:base.py:1846 [no key 0.00035s] ()
INFO     sqlalchemy.engine.Engine:base.py:1846 CREATE INDEX ix_customer_adjustments_id ON customer_adjustments (id)
INFO     sqlalchemy.engine.Engine:base.py:1846 [no key 0.00035s] ()
INFO     sqlalchemy.engine.Engine:base.py:1846 CREATE INDEX ix_customer_adjustments_customer_id ON customer_adjustments (customer_id)
INFO     sqlalchemy.engine.Engine:base.py:1846 [no key 0.00034s] ()
INFO     sqlalchemy.engine.Engine:base.py:1846 
CREATE TABLE systems (
	id VARCHAR NOT NULL, 
	customer_id VARCHAR NOT NULL, 
	name VARCHAR NOT NULL, 
	location VARCHAR, 
	system_type VARCHAR NOT NULL, 
	gas_type VARCHAR, 
	system_customer_type VARCHAR, 
	is_deleted BOOLEAN NOT NULL, 
	deleted_at DATETIME, 
	deletion_reason VARCHAR, 
	created_at DATETIME NOT NULL, 
	updated_at DATETIME, 
	created_by VARCHAR, 
	updated_by VARCHAR, 
	is_active BOOLEAN NOT NULL, 
	require_security_check BOOLEAN NOT NULL, 
	security_check_exists BOOLEAN NOT NULL, 
	security_check_date DATETIME, 
	PRIMARY KEY (id), 
	FOREIGN KEY(customer_id) REFERENCES customers (id)
)


INFO     sqlalchemy.engine.Engine:base.py:1846 [no key 0.00031s] ()
INFO     sqlalchemy.engine.Engine:base.py:1846 CREATE INDEX ix_systems_is_active ON systems (is_active)
INFO     sqlalchemy.engine.Engine:base.py:1846 [no key 0.00046s] ()
INFO     sqlalchemy.engine.Engine:base.py:1846 CREATE INDEX ix_systems_customer_id ON systems (customer_id)
INFO     sqlalchemy.engine.Engine:base.py:1846 [no key 0.00029s] ()
INFO     sqlalchemy.engine.Engine:base.py:1846 CREATE INDEX ix_systems_security_check_exists ON systems (security_check_exists)
INFO     sqlalchemy.engine.Engine:base.py:1846 [no key 0.00033s] ()
INFO     sqlalchemy.engine.Engine:base.py:1846 CREATE INDEX ix_systems_gas_type ON systems (gas_type)
INFO     sqlalchemy.engine.Engine:base.py:1846 [no key 0.00035s] ()
INFO     sqlalchemy.engine.Engine:base.py:1846 CREATE INDEX ix_systems_system_customer_type ON systems (system_customer_type)
INFO     sqlalchemy.engine.Engine:base.py:1846 [no key 0.00030s] ()
INFO     sqlalchemy.engine.Engine:base.py:1846 CREATE INDEX ix_systems_system_type ON systems (system_type)
INFO     sqlalchemy.engine.Engine:base.py:1846 [no key 0.00034s] ()
INFO     sqlalchemy.engine.Engine:base.py:1846 CREATE INDEX ix_systems_is_deleted ON systems (is_deleted)
INFO     sqlalchemy.engine.Engine:base.py:1846 [no key 0.00033s] ()
INFO     sqlalchemy.engine.Engine:base.py:1846 CREATE INDEX ix_systems_security_check_date ON systems (security_check_date)
INFO     sqlalchemy.engine.Engine:base.py:1846 [no key 0.00031s] ()
INFO     sqlalchemy.engine.Engine:base.py:1846 CREATE INDEX ix_systems_id ON systems (id)
INFO     sqlalchemy.engine.Engine:base.py:1846 [no key 0.00030s] ()
INFO     sqlalchemy.engine.Engine:base.py:1846 CREATE INDEX ix_systems_require_security_check ON systems (require_security_check)
INFO     sqlalchemy.engine.Engine:base.py:1846 [no key 0.00045s] ()
INFO     sqlalchemy.engine.Engine:base.py:1846 
CREATE TABLE orders (
	id VARCHAR NOT NULL, 
	customer_id VARCHAR NOT NULL, 
	system_id VARCHAR NOT NULL, 
	price_setting_id VARCHAR, 
	unit_price_sell FLOAT, 
	unit_price_buy FLOAT, 
	delivered_at DATETIME NOT NULL, 
	gas_type VARCHAR NOT NULL, 
	cylinders_installed INTEGER NOT NULL, 
	cylinders_received INTEGER NOT NULL, 
	price_total FLOAT NOT NULL, 
	paid_amount FLOAT NOT NULL, 
	note VARCHAR, 
	created_at DATETIME NOT NULL, 
	updated_at DATETIME, 
	created_by VARCHAR, 
	updated_by VARCHAR, 
	is_deleted BOOLEAN NOT NULL, 
	deleted_at DATETIME, 
	deletion_reason VARCHAR, 
	PRIMARY KEY (id), 
	FOREIGN KEY(customer_id) REFERENCES customers (id), 
	FOREIGN KEY(system_id) REFERENCES systems (id), 
	FOREIGN KEY(price_setting_id) REFERENCES price_settings (id)
)


INFO     sqlalchemy.engine.Engine:base.py:1846 [no key 0.00044s] ()
INFO     sqlalchemy.engine.Engine:base.py:1846 CREATE INDEX ix_orders_id ON orders (id)
INFO     sqlalchemy.engine.Engine:base.py:1846 [no key 0.00033s] ()
INFO     sqlalchemy.engine.Engine:base.py:1846 CREATE INDEX ix_orders_delivered_at ON orders (delivered_at)
INFO     sqlalchemy.engine.Engine:base.py:1846 [no key 0.00034s] ()
INFO     sqlalchemy.engine.Engine:base.py:1846 CREATE INDEX ix_orders_price_setting_id ON orders (price_setting_id)
INFO     sqlalchemy.engine.Engine:base.py:1846 [no key 0.00034s] ()
INFO     sqlalchemy.engine.Engine:base.py:1846 CREATE INDEX ix_orders_is_deleted ON orders (is_deleted)
INFO     sqlalchemy.engine.Engine:base.py:1846 [no key 0.00032s] ()
INFO     sqlalchemy.engine.Engine:base.py:1846 CREATE INDEX ix_orders_system_id ON orders (system_id)
INFO     sqlalchemy.engine.Engine:base.py:1846 [no key 0.00328s] ()
INFO     sqlalchemy.engine.Engine:base.py:1846 CREATE INDEX ix_orders_customer_id ON orders (customer_id)
INFO     sqlalchemy.engine.Engine:base.py:1846 [no key 0.00034s] ()
INFO     sqlalchemy.engine.Engine:base.py:1846 CREATE INDEX ix_orders_gas_type ON orders (gas_type)
INFO     sqlalchemy.engine.Engine:base.py:1846 [no key 0.00038s] ()
INFO     sqlalchemy.engine.Engine:base.py:2708 COMMIT
INFO     sqlalchemy.engine.Engine:base.py:2702 BEGIN (implicit)
INFO     sqlalchemy.engine.Engine:base.py:1846 PRAGMA main.table_info("shifts")
INFO     sqlalchemy.engine.Engine:base.py:1846 [raw sql] ()
INFO     sqlalchemy.engine.Engine:base.py:1846 PRAGMA main.table_info("cash_events")
INFO     sqlalchemy.engine.Engine:base.py:1846 [raw sql] ()
INFO     sqlalchemy.engine.Engine:base.py:1846 PRAGMA main.table_info("customer_adjustments")
INFO     sqlalchemy.engine.Engine:base.py:1846 [raw sql] ()
INFO     sqlalchemy.engine.Engine:base.py:1846 PRAGMA main.table_info("customers")
INFO     sqlalchemy.engine.Engine:base.py:1846 [raw sql] ()
INFO     sqlalchemy.engine.Engine:base.py:1846 PRAGMA main.table_info("systems")
INFO     sqlalchemy.engine.Engine:base.py:1846 [raw sql] ()
INFO     sqlalchemy.engine.Engine:base.py:1846 PRAGMA main.table_info("orders")
INFO     sqlalchemy.engine.Engine:base.py:1846 [raw sql] ()
INFO     sqlalchemy.engine.Engine:base.py:1846 PRAGMA main.table_info("price_settings")
INFO     sqlalchemy.engine.Engine:base.py:1846 [raw sql] ()
INFO     sqlalchemy.engine.Engine:base.py:1846 PRAGMA main.table_info("activities")
INFO     sqlalchemy.engine.Engine:base.py:1846 [raw sql] ()
INFO     sqlalchemy.engine.Engine:base.py:1846 PRAGMA main.table_info("expenses")
INFO     sqlalchemy.engine.Engine:base.py:1846 [raw sql] ()
INFO     sqlalchemy.engine.Engine:base.py:1846 PRAGMA main.table_info("inventory_versions")
INFO     sqlalchemy.engine.Engine:base.py:1846 [raw sql] ()
INFO     sqlalchemy.engine.Engine:base.py:2708 COMMIT
INFO     sqlalchemy.engine.Engine:base.py:2702 BEGIN (implicit)
INFO     sqlalchemy.engine.Engine:base.py:1846 PRAGMA main.table_info("shifts")
INFO     sqlalchemy.engine.Engine:base.py:1846 [raw sql] ()
INFO     sqlalchemy.engine.Engine:base.py:1846 PRAGMA main.table_info("cash_events")
INFO     sqlalchemy.engine.Engine:base.py:1846 [raw sql] ()
INFO     sqlalchemy.engine.Engine:base.py:1846 PRAGMA main.table_info("customer_adjustments")
INFO     sqlalchemy.engine.Engine:base.py:1846 [raw sql] ()
INFO     sqlalchemy.engine.Engine:base.py:1846 PRAGMA main.table_info("customers")
INFO     sqlalchemy.engine.Engine:base.py:1846 [raw sql] ()
INFO     sqlalchemy.engine.Engine:base.py:1846 PRAGMA main.table_info("systems")
INFO     sqlalchemy.engine.Engine:base.py:1846 [raw sql] ()
INFO     sqlalchemy.engine.Engine:base.py:1846 PRAGMA main.table_info("orders")
INFO     sqlalchemy.engine.Engine:base.py:1846 [raw sql] ()
INFO     sqlalchemy.engine.Engine:base.py:1846 PRAGMA main.table_info("price_settings")
INFO     sqlalchemy.engine.Engine:base.py:1846 [raw sql] ()
INFO     sqlalchemy.engine.Engine:base.py:1846 PRAGMA main.table_info("activities")
INFO     sqlalchemy.engine.Engine:base.py:1846 [raw sql] ()
INFO     sqlalchemy.engine.Engine:base.py:1846 PRAGMA main.table_info("expenses")
INFO     sqlalchemy.engine.Engine:base.py:1846 [raw sql] ()
INFO     sqlalchemy.engine.Engine:base.py:1846 PRAGMA main.table_info("inventory_versions")
INFO     sqlalchemy.engine.Engine:base.py:1846 [raw sql] ()
INFO     sqlalchemy.engine.Engine:base.py:2708 COMMIT
____________________ test_full_recalculate_integrity_pass _____________________

client = <starlette.testclient.TestClient object at 0x000002B7D0EFE350>

    def test_full_recalculate_integrity_pass(client) -> None:
>       init_inventory(client, date="2025-01-01")
E       TypeError: init_inventory() missing 3 required keyword-only arguments: 'gas_type', 'full_count', and 'empty_count'

tests\test_inventory_logic.py:9: TypeError
---------------------------- Captured stdout setup ----------------------------
2025-12-23 13:09:57,777 INFO sqlalchemy.engine.Engine BEGIN (implicit)
2025-12-23 13:09:57,778 INFO sqlalchemy.engine.Engine PRAGMA main.table_info("shifts")
2025-12-23 13:09:57,778 INFO sqlalchemy.engine.Engine [raw sql] ()
2025-12-23 13:09:57,779 INFO sqlalchemy.engine.Engine PRAGMA temp.table_info("shifts")
2025-12-23 13:09:57,779 INFO sqlalchemy.engine.Engine [raw sql] ()
2025-12-23 13:09:57,780 INFO sqlalchemy.engine.Engine PRAGMA main.table_info("cash_events")
2025-12-23 13:09:57,780 INFO sqlalchemy.engine.Engine [raw sql] ()
2025-12-23 13:09:57,781 INFO sqlalchemy.engine.Engine PRAGMA temp.table_info("cash_events")
2025-12-23 13:09:57,781 INFO sqlalchemy.engine.Engine [raw sql] ()
2025-12-23 13:09:57,781 INFO sqlalchemy.engine.Engine PRAGMA main.table_info("customer_adjustments")
2025-12-23 13:09:57,782 INFO sqlalchemy.engine.Engine [raw sql] ()
2025-12-23 13:09:57,782 INFO sqlalchemy.engine.Engine PRAGMA temp.table_info("customer_adjustments")
2025-12-23 13:09:57,782 INFO sqlalchemy.engine.Engine [raw sql] ()
2025-12-23 13:09:57,783 INFO sqlalchemy.engine.Engine PRAGMA main.table_info("customers")
2025-12-23 13:09:57,783 INFO sqlalchemy.engine.Engine [raw sql] ()
2025-12-23 13:09:57,784 INFO sqlalchemy.engine.Engine PRAGMA temp.table_info("customers")
2025-12-23 13:09:57,784 INFO sqlalchemy.engine.Engine [raw sql] ()
2025-12-23 13:09:57,784 INFO sqlalchemy.engine.Engine PRAGMA main.table_info("systems")
2025-12-23 13:09:57,785 INFO sqlalchemy.engine.Engine [raw sql] ()
2025-12-23 13:09:57,785 INFO sqlalchemy.engine.Engine PRAGMA temp.table_info("systems")
2025-12-23 13:09:57,785 INFO sqlalchemy.engine.Engine [raw sql] ()
2025-12-23 13:09:57,786 INFO sqlalchemy.engine.Engine PRAGMA main.table_info("orders")
2025-12-23 13:09:57,786 INFO sqlalchemy.engine.Engine [raw sql] ()
2025-12-23 13:09:57,787 INFO sqlalchemy.engine.Engine PRAGMA temp.table_info("orders")
2025-12-23 13:09:57,787 INFO sqlalchemy.engine.Engine [raw sql] ()
2025-12-23 13:09:57,787 INFO sqlalchemy.engine.Engine PRAGMA main.table_info("price_settings")
2025-12-23 13:09:57,787 INFO sqlalchemy.engine.Engine [raw sql] ()
2025-12-23 13:09:57,788 INFO sqlalchemy.engine.Engine PRAGMA temp.table_info("price_settings")
2025-12-23 13:09:57,788 INFO sqlalchemy.engine.Engine [raw sql] ()
2025-12-23 13:09:57,789 INFO sqlalchemy.engine.Engine PRAGMA main.table_info("activities")
2025-12-23 13:09:57,789 INFO sqlalchemy.engine.Engine [raw sql] ()
2025-12-23 13:09:57,790 INFO sqlalchemy.engine.Engine PRAGMA temp.table_info("activities")
2025-12-23 13:09:57,790 INFO sqlalchemy.engine.Engine [raw sql] ()
2025-12-23 13:09:57,790 INFO sqlalchemy.engine.Engine PRAGMA main.table_info("expenses")
2025-12-23 13:09:57,791 INFO sqlalchemy.engine.Engine [raw sql] ()
2025-12-23 13:09:57,791 INFO sqlalchemy.engine.Engine PRAGMA temp.table_info("expenses")
2025-12-23 13:09:57,792 INFO sqlalchemy.engine.Engine [raw sql] ()
2025-12-23 13:09:57,792 INFO sqlalchemy.engine.Engine PRAGMA main.table_info("inventory_versions")
2025-12-23 13:09:57,793 INFO sqlalchemy.engine.Engine [raw sql] ()
2025-12-23 13:09:57,793 INFO sqlalchemy.engine.Engine PRAGMA temp.table_info("inventory_versions")
2025-12-23 13:09:57,794 INFO sqlalchemy.engine.Engine [raw sql] ()
2025-12-23 13:09:57,795 INFO sqlalchemy.engine.Engine 
CREATE TABLE shifts (
	id VARCHAR NOT NULL, 
	opened_at DATETIME NOT NULL, 
	closed_at DATETIME, 
	opening_cash FLOAT NOT NULL, 
	actual_closing_cash FLOAT, 
	is_active BOOLEAN NOT NULL, 
	PRIMARY KEY (id)
)


2025-12-23 13:09:57,795 INFO sqlalchemy.engine.Engine [no key 0.00032s] ()
2025-12-23 13:09:57,803 INFO sqlalchemy.engine.Engine CREATE INDEX ix_shifts_id ON shifts (id)
2025-12-23 13:09:57,803 INFO sqlalchemy.engine.Engine [no key 0.00027s] ()
2025-12-23 13:09:57,809 INFO sqlalchemy.engine.Engine CREATE INDEX ix_shifts_is_active ON shifts (is_active)
2025-12-23 13:09:57,809 INFO sqlalchemy.engine.Engine [no key 0.00036s] ()
2025-12-23 13:09:57,816 INFO sqlalchemy.engine.Engine 
CREATE TABLE customers (
	id VARCHAR NOT NULL, 
	name VARCHAR NOT NULL, 
	phone VARCHAR, 
	notes VARCHAR, 
	customer_type VARCHAR NOT NULL, 
	money_balance FLOAT NOT NULL, 
	total_cylinders_delivered_lifetime INTEGER NOT NULL, 
	order_count INTEGER NOT NULL, 
	cylinder_balance_12kg INTEGER NOT NULL, 
	cylinder_balance_48kg INTEGER NOT NULL, 
	created_at DATETIME NOT NULL, 
	updated_at DATETIME, 
	created_by VARCHAR, 
	updated_by VARCHAR, 
	is_deleted BOOLEAN NOT NULL, 
	deleted_at DATETIME, 
	deletion_reason VARCHAR, 
	PRIMARY KEY (id)
)


2025-12-23 13:09:57,817 INFO sqlalchemy.engine.Engine [no key 0.00039s] ()
2025-12-23 13:09:57,823 INFO sqlalchemy.engine.Engine CREATE INDEX ix_customers_is_deleted ON customers (is_deleted)
2025-12-23 13:09:57,823 INFO sqlalchemy.engine.Engine [no key 0.00037s] ()
2025-12-23 13:09:57,831 INFO sqlalchemy.engine.Engine CREATE INDEX ix_customers_id ON customers (id)
2025-12-23 13:09:57,832 INFO sqlalchemy.engine.Engine [no key 0.00031s] ()
2025-12-23 13:09:57,839 INFO sqlalchemy.engine.Engine CREATE INDEX ix_customers_customer_type ON customers (customer_type)
2025-12-23 13:09:57,840 INFO sqlalchemy.engine.Engine [no key 0.00035s] ()
2025-12-23 13:09:57,848 INFO sqlalchemy.engine.Engine 
CREATE TABLE price_settings (
	id VARCHAR NOT NULL, 
	gas_type VARCHAR NOT NULL, 
	customer_type VARCHAR NOT NULL, 
	selling_price FLOAT NOT NULL, 
	buying_price FLOAT, 
	effective_from DATETIME NOT NULL, 
	created_at DATETIME NOT NULL, 
	created_by VARCHAR, 
	PRIMARY KEY (id)
)


2025-12-23 13:09:57,848 INFO sqlalchemy.engine.Engine [no key 0.00028s] ()
2025-12-23 13:09:57,856 INFO sqlalchemy.engine.Engine CREATE INDEX ix_price_settings_effective_from ON price_settings (effective_from)
2025-12-23 13:09:57,856 INFO sqlalchemy.engine.Engine [no key 0.00029s] ()
2025-12-23 13:09:57,866 INFO sqlalchemy.engine.Engine CREATE INDEX ix_price_settings_gas_type ON price_settings (gas_type)
2025-12-23 13:09:57,866 INFO sqlalchemy.engine.Engine [no key 0.00032s] ()
2025-12-23 13:09:57,874 INFO sqlalchemy.engine.Engine CREATE INDEX ix_price_settings_customer_type ON price_settings (customer_type)
2025-12-23 13:09:57,874 INFO sqlalchemy.engine.Engine [no key 0.00032s] ()
2025-12-23 13:09:57,883 INFO sqlalchemy.engine.Engine CREATE INDEX ix_price_settings_id ON price_settings (id)
2025-12-23 13:09:57,883 INFO sqlalchemy.engine.Engine [no key 0.00031s] ()
2025-12-23 13:09:57,903 INFO sqlalchemy.engine.Engine 
CREATE TABLE activities (
	id VARCHAR NOT NULL, 
	entity_type VARCHAR NOT NULL, 
	entity_id VARCHAR, 
	action VARCHAR NOT NULL, 
	description VARCHAR NOT NULL, 
	metadata TEXT, 
	created_at DATETIME NOT NULL, 
	created_by VARCHAR, 
	PRIMARY KEY (id)
)


2025-12-23 13:09:57,903 INFO sqlalchemy.engine.Engine [no key 0.00030s] ()
2025-12-23 13:09:57,911 INFO sqlalchemy.engine.Engine CREATE INDEX ix_activities_id ON activities (id)
2025-12-23 13:09:57,912 INFO sqlalchemy.engine.Engine [no key 0.00036s] ()
2025-12-23 13:09:57,918 INFO sqlalchemy.engine.Engine CREATE INDEX ix_activities_created_at ON activities (created_at)
2025-12-23 13:09:57,919 INFO sqlalchemy.engine.Engine [no key 0.00039s] ()
2025-12-23 13:09:57,925 INFO sqlalchemy.engine.Engine CREATE INDEX ix_activities_entity_id ON activities (entity_id)
2025-12-23 13:09:57,926 INFO sqlalchemy.engine.Engine [no key 0.00126s] ()
2025-12-23 13:09:57,933 INFO sqlalchemy.engine.Engine CREATE INDEX ix_activities_action ON activities (action)
2025-12-23 13:09:57,933 INFO sqlalchemy.engine.Engine [no key 0.00031s] ()
2025-12-23 13:09:57,940 INFO sqlalchemy.engine.Engine CREATE INDEX ix_activities_entity_type ON activities (entity_type)
2025-12-23 13:09:57,941 INFO sqlalchemy.engine.Engine [no key 0.00033s] ()
2025-12-23 13:09:57,950 INFO sqlalchemy.engine.Engine 
CREATE TABLE expenses (
	id VARCHAR NOT NULL, 
	date VARCHAR NOT NULL, 
	expense_type VARCHAR NOT NULL, 
	amount FLOAT NOT NULL, 
	note VARCHAR, 
	created_at DATETIME NOT NULL, 
	created_by VARCHAR, 
	PRIMARY KEY (id), 
	CONSTRAINT uq_expense_date_type UNIQUE (date, expense_type)
)


2025-12-23 13:09:57,951 INFO sqlalchemy.engine.Engine [no key 0.00037s] ()
2025-12-23 13:09:57,958 INFO sqlalchemy.engine.Engine CREATE INDEX ix_expenses_date ON expenses (date)
2025-12-23 13:09:57,959 INFO sqlalchemy.engine.Engine [no key 0.00081s] ()
2025-12-23 13:09:57,968 INFO sqlalchemy.engine.Engine CREATE INDEX ix_expenses_id ON expenses (id)
2025-12-23 13:09:57,968 INFO sqlalchemy.engine.Engine [no key 0.00042s] ()
2025-12-23 13:09:57,978 INFO sqlalchemy.engine.Engine CREATE INDEX ix_expenses_expense_type ON expenses (expense_type)
2025-12-23 13:09:57,978 INFO sqlalchemy.engine.Engine [no key 0.00034s] ()
2025-12-23 13:09:57,987 INFO sqlalchemy.engine.Engine 
CREATE TABLE inventory_versions (
	id VARCHAR NOT NULL, 
	gas_type VARCHAR NOT NULL, 
	full_count INTEGER NOT NULL, 
	empty_count INTEGER NOT NULL, 
	reason VARCHAR, 
	event_type VARCHAR, 
	event_id VARCHAR, 
	effective_at DATETIME NOT NULL, 
	created_at DATETIME NOT NULL, 
	created_by VARCHAR, 
	PRIMARY KEY (id)
)


2025-12-23 13:09:57,987 INFO sqlalchemy.engine.Engine [no key 0.00033s] ()
2025-12-23 13:09:57,999 INFO sqlalchemy.engine.Engine CREATE INDEX ix_inventory_versions_event_type ON inventory_versions (event_type)
2025-12-23 13:09:57,999 INFO sqlalchemy.engine.Engine [no key 0.00033s] ()
2025-12-23 13:09:58,007 INFO sqlalchemy.engine.Engine CREATE INDEX ix_inventory_versions_created_by ON inventory_versions (created_by)
2025-12-23 13:09:58,007 INFO sqlalchemy.engine.Engine [no key 0.00034s] ()
2025-12-23 13:09:58,016 INFO sqlalchemy.engine.Engine CREATE INDEX ix_inventory_versions_event_id ON inventory_versions (event_id)
2025-12-23 13:09:58,016 INFO sqlalchemy.engine.Engine [no key 0.00035s] ()
2025-12-23 13:09:58,023 INFO sqlalchemy.engine.Engine CREATE INDEX ix_inventory_versions_gas_type ON inventory_versions (gas_type)
2025-12-23 13:09:58,023 INFO sqlalchemy.engine.Engine [no key 0.00031s] ()
2025-12-23 13:09:58,035 INFO sqlalchemy.engine.Engine CREATE INDEX ix_inventory_versions_id ON inventory_versions (id)
2025-12-23 13:09:58,035 INFO sqlalchemy.engine.Engine [no key 0.00033s] ()
2025-12-23 13:09:58,044 INFO sqlalchemy.engine.Engine CREATE INDEX ix_inventory_versions_created_at ON inventory_versions (created_at)
2025-12-23 13:09:58,044 INFO sqlalchemy.engine.Engine [no key 0.00032s] ()
2025-12-23 13:09:58,052 INFO sqlalchemy.engine.Engine CREATE INDEX ix_inventory_versions_effective_at ON inventory_versions (effective_at)
2025-12-23 13:09:58,052 INFO sqlalchemy.engine.Engine [no key 0.00030s] ()
2025-12-23 13:09:58,062 INFO sqlalchemy.engine.Engine 
CREATE TABLE cash_events (
	id VARCHAR NOT NULL, 
	shift_id VARCHAR NOT NULL, 
	direction VARCHAR(3) NOT NULL, 
	amount FLOAT NOT NULL, 
	reason VARCHAR NOT NULL, 
	related_entity_id VARCHAR, 
	created_at DATETIME NOT NULL, 
	PRIMARY KEY (id), 
	FOREIGN KEY(shift_id) REFERENCES shifts (id)
)


2025-12-23 13:09:58,062 INFO sqlalchemy.engine.Engine [no key 0.00037s] ()
2025-12-23 13:09:58,071 INFO sqlalchemy.engine.Engine CREATE INDEX ix_cash_events_shift_id ON cash_events (shift_id)
2025-12-23 13:09:58,071 INFO sqlalchemy.engine.Engine [no key 0.00030s] ()
2025-12-23 13:09:58,080 INFO sqlalchemy.engine.Engine CREATE INDEX ix_cash_events_id ON cash_events (id)
2025-12-23 13:09:58,080 INFO sqlalchemy.engine.Engine [no key 0.00034s] ()
2025-12-23 13:09:58,088 INFO sqlalchemy.engine.Engine 
CREATE TABLE customer_adjustments (
	id VARCHAR NOT NULL, 
	customer_id VARCHAR NOT NULL, 
	amount_money FLOAT NOT NULL, 
	count_12kg INTEGER NOT NULL, 
	count_48kg INTEGER NOT NULL, 
	reason VARCHAR NOT NULL, 
	is_inventory_neutral BOOLEAN NOT NULL, 
	created_at DATETIME NOT NULL, 
	PRIMARY KEY (id), 
	FOREIGN KEY(customer_id) REFERENCES customers (id)
)


2025-12-23 13:09:58,088 INFO sqlalchemy.engine.Engine [no key 0.00032s] ()
2025-12-23 13:09:58,095 INFO sqlalchemy.engine.Engine CREATE INDEX ix_customer_adjustments_id ON customer_adjustments (id)
2025-12-23 13:09:58,095 INFO sqlalchemy.engine.Engine [no key 0.00038s] ()
2025-12-23 13:09:58,102 INFO sqlalchemy.engine.Engine CREATE INDEX ix_customer_adjustments_customer_id ON customer_adjustments (customer_id)
2025-12-23 13:09:58,102 INFO sqlalchemy.engine.Engine [no key 0.00030s] ()
2025-12-23 13:09:58,111 INFO sqlalchemy.engine.Engine 
CREATE TABLE systems (
	id VARCHAR NOT NULL, 
	customer_id VARCHAR NOT NULL, 
	name VARCHAR NOT NULL, 
	location VARCHAR, 
	system_type VARCHAR NOT NULL, 
	gas_type VARCHAR, 
	system_customer_type VARCHAR, 
	is_deleted BOOLEAN NOT NULL, 
	deleted_at DATETIME, 
	deletion_reason VARCHAR, 
	created_at DATETIME NOT NULL, 
	updated_at DATETIME, 
	created_by VARCHAR, 
	updated_by VARCHAR, 
	is_active BOOLEAN NOT NULL, 
	require_security_check BOOLEAN NOT NULL, 
	security_check_exists BOOLEAN NOT NULL, 
	security_check_date DATETIME, 
	PRIMARY KEY (id), 
	FOREIGN KEY(customer_id) REFERENCES customers (id)
)


2025-12-23 13:09:58,111 INFO sqlalchemy.engine.Engine [no key 0.00035s] ()
2025-12-23 13:09:58,118 INFO sqlalchemy.engine.Engine CREATE INDEX ix_systems_is_active ON systems (is_active)
2025-12-23 13:09:58,119 INFO sqlalchemy.engine.Engine [no key 0.00032s] ()
2025-12-23 13:09:58,127 INFO sqlalchemy.engine.Engine CREATE INDEX ix_systems_customer_id ON systems (customer_id)
2025-12-23 13:09:58,127 INFO sqlalchemy.engine.Engine [no key 0.00034s] ()
2025-12-23 13:09:58,135 INFO sqlalchemy.engine.Engine CREATE INDEX ix_systems_security_check_exists ON systems (security_check_exists)
2025-12-23 13:09:58,135 INFO sqlalchemy.engine.Engine [no key 0.00031s] ()
2025-12-23 13:09:58,144 INFO sqlalchemy.engine.Engine CREATE INDEX ix_systems_gas_type ON systems (gas_type)
2025-12-23 13:09:58,144 INFO sqlalchemy.engine.Engine [no key 0.00032s] ()
2025-12-23 13:09:58,153 INFO sqlalchemy.engine.Engine CREATE INDEX ix_systems_system_customer_type ON systems (system_customer_type)
2025-12-23 13:09:58,153 INFO sqlalchemy.engine.Engine [no key 0.00033s] ()
2025-12-23 13:09:58,161 INFO sqlalchemy.engine.Engine CREATE INDEX ix_systems_system_type ON systems (system_type)
2025-12-23 13:09:58,162 INFO sqlalchemy.engine.Engine [no key 0.00031s] ()
2025-12-23 13:09:58,169 INFO sqlalchemy.engine.Engine CREATE INDEX ix_systems_is_deleted ON systems (is_deleted)
2025-12-23 13:09:58,169 INFO sqlalchemy.engine.Engine [no key 0.00033s] ()
2025-12-23 13:09:58,176 INFO sqlalchemy.engine.Engine CREATE INDEX ix_systems_security_check_date ON systems (security_check_date)
2025-12-23 13:09:58,177 INFO sqlalchemy.engine.Engine [no key 0.00121s] ()
2025-12-23 13:09:58,183 INFO sqlalchemy.engine.Engine CREATE INDEX ix_systems_id ON systems (id)
2025-12-23 13:09:58,183 INFO sqlalchemy.engine.Engine [no key 0.00030s] ()
2025-12-23 13:09:58,189 INFO sqlalchemy.engine.Engine CREATE INDEX ix_systems_require_security_check ON systems (require_security_check)
2025-12-23 13:09:58,189 INFO sqlalchemy.engine.Engine [no key 0.00032s] ()
2025-12-23 13:09:58,199 INFO sqlalchemy.engine.Engine 
CREATE TABLE orders (
	id VARCHAR NOT NULL, 
	customer_id VARCHAR NOT NULL, 
	system_id VARCHAR NOT NULL, 
	price_setting_id VARCHAR, 
	unit_price_sell FLOAT, 
	unit_price_buy FLOAT, 
	delivered_at DATETIME NOT NULL, 
	gas_type VARCHAR NOT NULL, 
	cylinders_installed INTEGER NOT NULL, 
	cylinders_received INTEGER NOT NULL, 
	price_total FLOAT NOT NULL, 
	paid_amount FLOAT NOT NULL, 
	note VARCHAR, 
	created_at DATETIME NOT NULL, 
	updated_at DATETIME, 
	created_by VARCHAR, 
	updated_by VARCHAR, 
	is_deleted BOOLEAN NOT NULL, 
	deleted_at DATETIME, 
	deletion_reason VARCHAR, 
	PRIMARY KEY (id), 
	FOREIGN KEY(customer_id) REFERENCES customers (id), 
	FOREIGN KEY(system_id) REFERENCES systems (id), 
	FOREIGN KEY(price_setting_id) REFERENCES price_settings (id)
)


2025-12-23 13:09:58,199 INFO sqlalchemy.engine.Engine [no key 0.00038s] ()
2025-12-23 13:09:58,207 INFO sqlalchemy.engine.Engine CREATE INDEX ix_orders_id ON orders (id)
2025-12-23 13:09:58,207 INFO sqlalchemy.engine.Engine [no key 0.00038s] ()
2025-12-23 13:09:58,215 INFO sqlalchemy.engine.Engine CREATE INDEX ix_orders_delivered_at ON orders (delivered_at)
2025-12-23 13:09:58,215 INFO sqlalchemy.engine.Engine [no key 0.00033s] ()
2025-12-23 13:09:58,223 INFO sqlalchemy.engine.Engine CREATE INDEX ix_orders_price_setting_id ON orders (price_setting_id)
2025-12-23 13:09:58,223 INFO sqlalchemy.engine.Engine [no key 0.00031s] ()
2025-12-23 13:09:58,232 INFO sqlalchemy.engine.Engine CREATE INDEX ix_orders_is_deleted ON orders (is_deleted)
2025-12-23 13:09:58,232 INFO sqlalchemy.engine.Engine [no key 0.00032s] ()
2025-12-23 13:09:58,240 INFO sqlalchemy.engine.Engine CREATE INDEX ix_orders_system_id ON orders (system_id)
2025-12-23 13:09:58,241 INFO sqlalchemy.engine.Engine [no key 0.00028s] ()
2025-12-23 13:09:58,251 INFO sqlalchemy.engine.Engine CREATE INDEX ix_orders_customer_id ON orders (customer_id)
2025-12-23 13:09:58,251 INFO sqlalchemy.engine.Engine [no key 0.00032s] ()
2025-12-23 13:09:58,257 INFO sqlalchemy.engine.Engine CREATE INDEX ix_orders_gas_type ON orders (gas_type)
2025-12-23 13:09:58,258 INFO sqlalchemy.engine.Engine [no key 0.00036s] ()
2025-12-23 13:09:58,264 INFO sqlalchemy.engine.Engine COMMIT
2025-12-23 13:09:58,333 INFO sqlalchemy.engine.Engine BEGIN (implicit)
2025-12-23 13:09:58,333 INFO sqlalchemy.engine.Engine PRAGMA main.table_info("shifts")
2025-12-23 13:09:58,333 INFO sqlalchemy.engine.Engine [raw sql] ()
2025-12-23 13:09:58,334 INFO sqlalchemy.engine.Engine PRAGMA main.table_info("cash_events")
2025-12-23 13:09:58,334 INFO sqlalchemy.engine.Engine [raw sql] ()
2025-12-23 13:09:58,335 INFO sqlalchemy.engine.Engine PRAGMA main.table_info("customer_adjustments")
2025-12-23 13:09:58,335 INFO sqlalchemy.engine.Engine [raw sql] ()
2025-12-23 13:09:58,336 INFO sqlalchemy.engine.Engine PRAGMA main.table_info("customers")
2025-12-23 13:09:58,336 INFO sqlalchemy.engine.Engine [raw sql] ()
2025-12-23 13:09:58,337 INFO sqlalchemy.engine.Engine PRAGMA main.table_info("systems")
2025-12-23 13:09:58,337 INFO sqlalchemy.engine.Engine [raw sql] ()
2025-12-23 13:09:58,338 INFO sqlalchemy.engine.Engine PRAGMA main.table_info("orders")
2025-12-23 13:09:58,338 INFO sqlalchemy.engine.Engine [raw sql] ()
2025-12-23 13:09:58,338 INFO sqlalchemy.engine.Engine PRAGMA main.table_info("price_settings")
2025-12-23 13:09:58,339 INFO sqlalchemy.engine.Engine [raw sql] ()
2025-12-23 13:09:58,339 INFO sqlalchemy.engine.Engine PRAGMA main.table_info("activities")
2025-12-23 13:09:58,339 INFO sqlalchemy.engine.Engine [raw sql] ()
2025-12-23 13:09:58,344 INFO sqlalchemy.engine.Engine PRAGMA main.table_info("expenses")
2025-12-23 13:09:58,345 INFO sqlalchemy.engine.Engine [raw sql] ()
2025-12-23 13:09:58,347 INFO sqlalchemy.engine.Engine PRAGMA main.table_info("inventory_versions")
2025-12-23 13:09:58,347 INFO sqlalchemy.engine.Engine [raw sql] ()
2025-12-23 13:09:58,348 INFO sqlalchemy.engine.Engine COMMIT
----------------------------- Captured log setup ------------------------------
INFO     sqlalchemy.engine.Engine:base.py:2702 BEGIN (implicit)
INFO     sqlalchemy.engine.Engine:base.py:1846 PRAGMA main.table_info("shifts")
INFO     sqlalchemy.engine.Engine:base.py:1846 [raw sql] ()
INFO     sqlalchemy.engine.Engine:base.py:1846 PRAGMA temp.table_info("shifts")
INFO     sqlalchemy.engine.Engine:base.py:1846 [raw sql] ()
INFO     sqlalchemy.engine.Engine:base.py:1846 PRAGMA main.table_info("cash_events")
INFO     sqlalchemy.engine.Engine:base.py:1846 [raw sql] ()
INFO     sqlalchemy.engine.Engine:base.py:1846 PRAGMA temp.table_info("cash_events")
INFO     sqlalchemy.engine.Engine:base.py:1846 [raw sql] ()
INFO     sqlalchemy.engine.Engine:base.py:1846 PRAGMA main.table_info("customer_adjustments")
INFO     sqlalchemy.engine.Engine:base.py:1846 [raw sql] ()
INFO     sqlalchemy.engine.Engine:base.py:1846 PRAGMA temp.table_info("customer_adjustments")
INFO     sqlalchemy.engine.Engine:base.py:1846 [raw sql] ()
INFO     sqlalchemy.engine.Engine:base.py:1846 PRAGMA main.table_info("customers")
INFO     sqlalchemy.engine.Engine:base.py:1846 [raw sql] ()
INFO     sqlalchemy.engine.Engine:base.py:1846 PRAGMA temp.table_info("customers")
INFO     sqlalchemy.engine.Engine:base.py:1846 [raw sql] ()
INFO     sqlalchemy.engine.Engine:base.py:1846 PRAGMA main.table_info("systems")
INFO     sqlalchemy.engine.Engine:base.py:1846 [raw sql] ()
INFO     sqlalchemy.engine.Engine:base.py:1846 PRAGMA temp.table_info("systems")
INFO     sqlalchemy.engine.Engine:base.py:1846 [raw sql] ()
INFO     sqlalchemy.engine.Engine:base.py:1846 PRAGMA main.table_info("orders")
INFO     sqlalchemy.engine.Engine:base.py:1846 [raw sql] ()
INFO     sqlalchemy.engine.Engine:base.py:1846 PRAGMA temp.table_info("orders")
INFO     sqlalchemy.engine.Engine:base.py:1846 [raw sql] ()
INFO     sqlalchemy.engine.Engine:base.py:1846 PRAGMA main.table_info("price_settings")
INFO     sqlalchemy.engine.Engine:base.py:1846 [raw sql] ()
INFO     sqlalchemy.engine.Engine:base.py:1846 PRAGMA temp.table_info("price_settings")
INFO     sqlalchemy.engine.Engine:base.py:1846 [raw sql] ()
INFO     sqlalchemy.engine.Engine:base.py:1846 PRAGMA main.table_info("activities")
INFO     sqlalchemy.engine.Engine:base.py:1846 [raw sql] ()
INFO     sqlalchemy.engine.Engine:base.py:1846 PRAGMA temp.table_info("activities")
INFO     sqlalchemy.engine.Engine:base.py:1846 [raw sql] ()
INFO     sqlalchemy.engine.Engine:base.py:1846 PRAGMA main.table_info("expenses")
INFO     sqlalchemy.engine.Engine:base.py:1846 [raw sql] ()
INFO     sqlalchemy.engine.Engine:base.py:1846 PRAGMA temp.table_info("expenses")
INFO     sqlalchemy.engine.Engine:base.py:1846 [raw sql] ()
INFO     sqlalchemy.engine.Engine:base.py:1846 PRAGMA main.table_info("inventory_versions")
INFO     sqlalchemy.engine.Engine:base.py:1846 [raw sql] ()
INFO     sqlalchemy.engine.Engine:base.py:1846 PRAGMA temp.table_info("inventory_versions")
INFO     sqlalchemy.engine.Engine:base.py:1846 [raw sql] ()
INFO     sqlalchemy.engine.Engine:base.py:1846 
CREATE TABLE shifts (
	id VARCHAR NOT NULL, 
	opened_at DATETIME NOT NULL, 
	closed_at DATETIME, 
	opening_cash FLOAT NOT NULL, 
	actual_closing_cash FLOAT, 
	is_active BOOLEAN NOT NULL, 
	PRIMARY KEY (id)
)


INFO     sqlalchemy.engine.Engine:base.py:1846 [no key 0.00032s] ()
INFO     sqlalchemy.engine.Engine:base.py:1846 CREATE INDEX ix_shifts_id ON shifts (id)
INFO     sqlalchemy.engine.Engine:base.py:1846 [no key 0.00027s] ()
INFO     sqlalchemy.engine.Engine:base.py:1846 CREATE INDEX ix_shifts_is_active ON shifts (is_active)
INFO     sqlalchemy.engine.Engine:base.py:1846 [no key 0.00036s] ()
INFO     sqlalchemy.engine.Engine:base.py:1846 
CREATE TABLE customers (
	id VARCHAR NOT NULL, 
	name VARCHAR NOT NULL, 
	phone VARCHAR, 
	notes VARCHAR, 
	customer_type VARCHAR NOT NULL, 
	money_balance FLOAT NOT NULL, 
	total_cylinders_delivered_lifetime INTEGER NOT NULL, 
	order_count INTEGER NOT NULL, 
	cylinder_balance_12kg INTEGER NOT NULL, 
	cylinder_balance_48kg INTEGER NOT NULL, 
	created_at DATETIME NOT NULL, 
	updated_at DATETIME, 
	created_by VARCHAR, 
	updated_by VARCHAR, 
	is_deleted BOOLEAN NOT NULL, 
	deleted_at DATETIME, 
	deletion_reason VARCHAR, 
	PRIMARY KEY (id)
)


INFO     sqlalchemy.engine.Engine:base.py:1846 [no key 0.00039s] ()
INFO     sqlalchemy.engine.Engine:base.py:1846 CREATE INDEX ix_customers_is_deleted ON customers (is_deleted)
INFO     sqlalchemy.engine.Engine:base.py:1846 [no key 0.00037s] ()
INFO     sqlalchemy.engine.Engine:base.py:1846 CREATE INDEX ix_customers_id ON customers (id)
INFO     sqlalchemy.engine.Engine:base.py:1846 [no key 0.00031s] ()
INFO     sqlalchemy.engine.Engine:base.py:1846 CREATE INDEX ix_customers_customer_type ON customers (customer_type)
INFO     sqlalchemy.engine.Engine:base.py:1846 [no key 0.00035s] ()
INFO     sqlalchemy.engine.Engine:base.py:1846 
CREATE TABLE price_settings (
	id VARCHAR NOT NULL, 
	gas_type VARCHAR NOT NULL, 
	customer_type VARCHAR NOT NULL, 
	selling_price FLOAT NOT NULL, 
	buying_price FLOAT, 
	effective_from DATETIME NOT NULL, 
	created_at DATETIME NOT NULL, 
	created_by VARCHAR, 
	PRIMARY KEY (id)
)


INFO     sqlalchemy.engine.Engine:base.py:1846 [no key 0.00028s] ()
INFO     sqlalchemy.engine.Engine:base.py:1846 CREATE INDEX ix_price_settings_effective_from ON price_settings (effective_from)
INFO     sqlalchemy.engine.Engine:base.py:1846 [no key 0.00029s] ()
INFO     sqlalchemy.engine.Engine:base.py:1846 CREATE INDEX ix_price_settings_gas_type ON price_settings (gas_type)
INFO     sqlalchemy.engine.Engine:base.py:1846 [no key 0.00032s] ()
INFO     sqlalchemy.engine.Engine:base.py:1846 CREATE INDEX ix_price_settings_customer_type ON price_settings (customer_type)
INFO     sqlalchemy.engine.Engine:base.py:1846 [no key 0.00032s] ()
INFO     sqlalchemy.engine.Engine:base.py:1846 CREATE INDEX ix_price_settings_id ON price_settings (id)
INFO     sqlalchemy.engine.Engine:base.py:1846 [no key 0.00031s] ()
INFO     sqlalchemy.engine.Engine:base.py:1846 
CREATE TABLE activities (
	id VARCHAR NOT NULL, 
	entity_type VARCHAR NOT NULL, 
	entity_id VARCHAR, 
	action VARCHAR NOT NULL, 
	description VARCHAR NOT NULL, 
	metadata TEXT, 
	created_at DATETIME NOT NULL, 
	created_by VARCHAR, 
	PRIMARY KEY (id)
)


INFO     sqlalchemy.engine.Engine:base.py:1846 [no key 0.00030s] ()
INFO     sqlalchemy.engine.Engine:base.py:1846 CREATE INDEX ix_activities_id ON activities (id)
INFO     sqlalchemy.engine.Engine:base.py:1846 [no key 0.00036s] ()
INFO     sqlalchemy.engine.Engine:base.py:1846 CREATE INDEX ix_activities_created_at ON activities (created_at)
INFO     sqlalchemy.engine.Engine:base.py:1846 [no key 0.00039s] ()
INFO     sqlalchemy.engine.Engine:base.py:1846 CREATE INDEX ix_activities_entity_id ON activities (entity_id)
INFO     sqlalchemy.engine.Engine:base.py:1846 [no key 0.00126s] ()
INFO     sqlalchemy.engine.Engine:base.py:1846 CREATE INDEX ix_activities_action ON activities (action)
INFO     sqlalchemy.engine.Engine:base.py:1846 [no key 0.00031s] ()
INFO     sqlalchemy.engine.Engine:base.py:1846 CREATE INDEX ix_activities_entity_type ON activities (entity_type)
INFO     sqlalchemy.engine.Engine:base.py:1846 [no key 0.00033s] ()
INFO     sqlalchemy.engine.Engine:base.py:1846 
CREATE TABLE expenses (
	id VARCHAR NOT NULL, 
	date VARCHAR NOT NULL, 
	expense_type VARCHAR NOT NULL, 
	amount FLOAT NOT NULL, 
	note VARCHAR, 
	created_at DATETIME NOT NULL, 
	created_by VARCHAR, 
	PRIMARY KEY (id), 
	CONSTRAINT uq_expense_date_type UNIQUE (date, expense_type)
)


INFO     sqlalchemy.engine.Engine:base.py:1846 [no key 0.00037s] ()
INFO     sqlalchemy.engine.Engine:base.py:1846 CREATE INDEX ix_expenses_date ON expenses (date)
INFO     sqlalchemy.engine.Engine:base.py:1846 [no key 0.00081s] ()
INFO     sqlalchemy.engine.Engine:base.py:1846 CREATE INDEX ix_expenses_id ON expenses (id)
INFO     sqlalchemy.engine.Engine:base.py:1846 [no key 0.00042s] ()
INFO     sqlalchemy.engine.Engine:base.py:1846 CREATE INDEX ix_expenses_expense_type ON expenses (expense_type)
INFO     sqlalchemy.engine.Engine:base.py:1846 [no key 0.00034s] ()
INFO     sqlalchemy.engine.Engine:base.py:1846 
CREATE TABLE inventory_versions (
	id VARCHAR NOT NULL, 
	gas_type VARCHAR NOT NULL, 
	full_count INTEGER NOT NULL, 
	empty_count INTEGER NOT NULL, 
	reason VARCHAR, 
	event_type VARCHAR, 
	event_id VARCHAR, 
	effective_at DATETIME NOT NULL, 
	created_at DATETIME NOT NULL, 
	created_by VARCHAR, 
	PRIMARY KEY (id)
)


INFO     sqlalchemy.engine.Engine:base.py:1846 [no key 0.00033s] ()
INFO     sqlalchemy.engine.Engine:base.py:1846 CREATE INDEX ix_inventory_versions_event_type ON inventory_versions (event_type)
INFO     sqlalchemy.engine.Engine:base.py:1846 [no key 0.00033s] ()
INFO     sqlalchemy.engine.Engine:base.py:1846 CREATE INDEX ix_inventory_versions_created_by ON inventory_versions (created_by)
INFO     sqlalchemy.engine.Engine:base.py:1846 [no key 0.00034s] ()
INFO     sqlalchemy.engine.Engine:base.py:1846 CREATE INDEX ix_inventory_versions_event_id ON inventory_versions (event_id)
INFO     sqlalchemy.engine.Engine:base.py:1846 [no key 0.00035s] ()
INFO     sqlalchemy.engine.Engine:base.py:1846 CREATE INDEX ix_inventory_versions_gas_type ON inventory_versions (gas_type)
INFO     sqlalchemy.engine.Engine:base.py:1846 [no key 0.00031s] ()
INFO     sqlalchemy.engine.Engine:base.py:1846 CREATE INDEX ix_inventory_versions_id ON inventory_versions (id)
INFO     sqlalchemy.engine.Engine:base.py:1846 [no key 0.00033s] ()
INFO     sqlalchemy.engine.Engine:base.py:1846 CREATE INDEX ix_inventory_versions_created_at ON inventory_versions (created_at)
INFO     sqlalchemy.engine.Engine:base.py:1846 [no key 0.00032s] ()
INFO     sqlalchemy.engine.Engine:base.py:1846 CREATE INDEX ix_inventory_versions_effective_at ON inventory_versions (effective_at)
INFO     sqlalchemy.engine.Engine:base.py:1846 [no key 0.00030s] ()
INFO     sqlalchemy.engine.Engine:base.py:1846 
CREATE TABLE cash_events (
	id VARCHAR NOT NULL, 
	shift_id VARCHAR NOT NULL, 
	direction VARCHAR(3) NOT NULL, 
	amount FLOAT NOT NULL, 
	reason VARCHAR NOT NULL, 
	related_entity_id VARCHAR, 
	created_at DATETIME NOT NULL, 
	PRIMARY KEY (id), 
	FOREIGN KEY(shift_id) REFERENCES shifts (id)
)


INFO     sqlalchemy.engine.Engine:base.py:1846 [no key 0.00037s] ()
INFO     sqlalchemy.engine.Engine:base.py:1846 CREATE INDEX ix_cash_events_shift_id ON cash_events (shift_id)
INFO     sqlalchemy.engine.Engine:base.py:1846 [no key 0.00030s] ()
INFO     sqlalchemy.engine.Engine:base.py:1846 CREATE INDEX ix_cash_events_id ON cash_events (id)
INFO     sqlalchemy.engine.Engine:base.py:1846 [no key 0.00034s] ()
INFO     sqlalchemy.engine.Engine:base.py:1846 
CREATE TABLE customer_adjustments (
	id VARCHAR NOT NULL, 
	customer_id VARCHAR NOT NULL, 
	amount_money FLOAT NOT NULL, 
	count_12kg INTEGER NOT NULL, 
	count_48kg INTEGER NOT NULL, 
	reason VARCHAR NOT NULL, 
	is_inventory_neutral BOOLEAN NOT NULL, 
	created_at DATETIME NOT NULL, 
	PRIMARY KEY (id), 
	FOREIGN KEY(customer_id) REFERENCES customers (id)
)


INFO     sqlalchemy.engine.Engine:base.py:1846 [no key 0.00032s] ()
INFO     sqlalchemy.engine.Engine:base.py:1846 CREATE INDEX ix_customer_adjustments_id ON customer_adjustments (id)
INFO     sqlalchemy.engine.Engine:base.py:1846 [no key 0.00038s] ()
INFO     sqlalchemy.engine.Engine:base.py:1846 CREATE INDEX ix_customer_adjustments_customer_id ON customer_adjustments (customer_id)
INFO     sqlalchemy.engine.Engine:base.py:1846 [no key 0.00030s] ()
INFO     sqlalchemy.engine.Engine:base.py:1846 
CREATE TABLE systems (
	id VARCHAR NOT NULL, 
	customer_id VARCHAR NOT NULL, 
	name VARCHAR NOT NULL, 
	location VARCHAR, 
	system_type VARCHAR NOT NULL, 
	gas_type VARCHAR, 
	system_customer_type VARCHAR, 
	is_deleted BOOLEAN NOT NULL, 
	deleted_at DATETIME, 
	deletion_reason VARCHAR, 
	created_at DATETIME NOT NULL, 
	updated_at DATETIME, 
	created_by VARCHAR, 
	updated_by VARCHAR, 
	is_active BOOLEAN NOT NULL, 
	require_security_check BOOLEAN NOT NULL, 
	security_check_exists BOOLEAN NOT NULL, 
	security_check_date DATETIME, 
	PRIMARY KEY (id), 
	FOREIGN KEY(customer_id) REFERENCES customers (id)
)


INFO     sqlalchemy.engine.Engine:base.py:1846 [no key 0.00035s] ()
INFO     sqlalchemy.engine.Engine:base.py:1846 CREATE INDEX ix_systems_is_active ON systems (is_active)
INFO     sqlalchemy.engine.Engine:base.py:1846 [no key 0.00032s] ()
INFO     sqlalchemy.engine.Engine:base.py:1846 CREATE INDEX ix_systems_customer_id ON systems (customer_id)
INFO     sqlalchemy.engine.Engine:base.py:1846 [no key 0.00034s] ()
INFO     sqlalchemy.engine.Engine:base.py:1846 CREATE INDEX ix_systems_security_check_exists ON systems (security_check_exists)
INFO     sqlalchemy.engine.Engine:base.py:1846 [no key 0.00031s] ()
INFO     sqlalchemy.engine.Engine:base.py:1846 CREATE INDEX ix_systems_gas_type ON systems (gas_type)
INFO     sqlalchemy.engine.Engine:base.py:1846 [no key 0.00032s] ()
INFO     sqlalchemy.engine.Engine:base.py:1846 CREATE INDEX ix_systems_system_customer_type ON systems (system_customer_type)
INFO     sqlalchemy.engine.Engine:base.py:1846 [no key 0.00033s] ()
INFO     sqlalchemy.engine.Engine:base.py:1846 CREATE INDEX ix_systems_system_type ON systems (system_type)
INFO     sqlalchemy.engine.Engine:base.py:1846 [no key 0.00031s] ()
INFO     sqlalchemy.engine.Engine:base.py:1846 CREATE INDEX ix_systems_is_deleted ON systems (is_deleted)
INFO     sqlalchemy.engine.Engine:base.py:1846 [no key 0.00033s] ()
INFO     sqlalchemy.engine.Engine:base.py:1846 CREATE INDEX ix_systems_security_check_date ON systems (security_check_date)
INFO     sqlalchemy.engine.Engine:base.py:1846 [no key 0.00121s] ()
INFO     sqlalchemy.engine.Engine:base.py:1846 CREATE INDEX ix_systems_id ON systems (id)
INFO     sqlalchemy.engine.Engine:base.py:1846 [no key 0.00030s] ()
INFO     sqlalchemy.engine.Engine:base.py:1846 CREATE INDEX ix_systems_require_security_check ON systems (require_security_check)
INFO     sqlalchemy.engine.Engine:base.py:1846 [no key 0.00032s] ()
INFO     sqlalchemy.engine.Engine:base.py:1846 
CREATE TABLE orders (
	id VARCHAR NOT NULL, 
	customer_id VARCHAR NOT NULL, 
	system_id VARCHAR NOT NULL, 
	price_setting_id VARCHAR, 
	unit_price_sell FLOAT, 
	unit_price_buy FLOAT, 
	delivered_at DATETIME NOT NULL, 
	gas_type VARCHAR NOT NULL, 
	cylinders_installed INTEGER NOT NULL, 
	cylinders_received INTEGER NOT NULL, 
	price_total FLOAT NOT NULL, 
	paid_amount FLOAT NOT NULL, 
	note VARCHAR, 
	created_at DATETIME NOT NULL, 
	updated_at DATETIME, 
	created_by VARCHAR, 
	updated_by VARCHAR, 
	is_deleted BOOLEAN NOT NULL, 
	deleted_at DATETIME, 
	deletion_reason VARCHAR, 
	PRIMARY KEY (id), 
	FOREIGN KEY(customer_id) REFERENCES customers (id), 
	FOREIGN KEY(system_id) REFERENCES systems (id), 
	FOREIGN KEY(price_setting_id) REFERENCES price_settings (id)
)


INFO     sqlalchemy.engine.Engine:base.py:1846 [no key 0.00038s] ()
INFO     sqlalchemy.engine.Engine:base.py:1846 CREATE INDEX ix_orders_id ON orders (id)
INFO     sqlalchemy.engine.Engine:base.py:1846 [no key 0.00038s] ()
INFO     sqlalchemy.engine.Engine:base.py:1846 CREATE INDEX ix_orders_delivered_at ON orders (delivered_at)
INFO     sqlalchemy.engine.Engine:base.py:1846 [no key 0.00033s] ()
INFO     sqlalchemy.engine.Engine:base.py:1846 CREATE INDEX ix_orders_price_setting_id ON orders (price_setting_id)
INFO     sqlalchemy.engine.Engine:base.py:1846 [no key 0.00031s] ()
INFO     sqlalchemy.engine.Engine:base.py:1846 CREATE INDEX ix_orders_is_deleted ON orders (is_deleted)
INFO     sqlalchemy.engine.Engine:base.py:1846 [no key 0.00032s] ()
INFO     sqlalchemy.engine.Engine:base.py:1846 CREATE INDEX ix_orders_system_id ON orders (system_id)
INFO     sqlalchemy.engine.Engine:base.py:1846 [no key 0.00028s] ()
INFO     sqlalchemy.engine.Engine:base.py:1846 CREATE INDEX ix_orders_customer_id ON orders (customer_id)
INFO     sqlalchemy.engine.Engine:base.py:1846 [no key 0.00032s] ()
INFO     sqlalchemy.engine.Engine:base.py:1846 CREATE INDEX ix_orders_gas_type ON orders (gas_type)
INFO     sqlalchemy.engine.Engine:base.py:1846 [no key 0.00036s] ()
INFO     sqlalchemy.engine.Engine:base.py:2708 COMMIT
INFO     sqlalchemy.engine.Engine:base.py:2702 BEGIN (implicit)
INFO     sqlalchemy.engine.Engine:base.py:1846 PRAGMA main.table_info("shifts")
INFO     sqlalchemy.engine.Engine:base.py:1846 [raw sql] ()
INFO     sqlalchemy.engine.Engine:base.py:1846 PRAGMA main.table_info("cash_events")
INFO     sqlalchemy.engine.Engine:base.py:1846 [raw sql] ()
INFO     sqlalchemy.engine.Engine:base.py:1846 PRAGMA main.table_info("customer_adjustments")
INFO     sqlalchemy.engine.Engine:base.py:1846 [raw sql] ()
INFO     sqlalchemy.engine.Engine:base.py:1846 PRAGMA main.table_info("customers")
INFO     sqlalchemy.engine.Engine:base.py:1846 [raw sql] ()
INFO     sqlalchemy.engine.Engine:base.py:1846 PRAGMA main.table_info("systems")
INFO     sqlalchemy.engine.Engine:base.py:1846 [raw sql] ()
INFO     sqlalchemy.engine.Engine:base.py:1846 PRAGMA main.table_info("orders")
INFO     sqlalchemy.engine.Engine:base.py:1846 [raw sql] ()
INFO     sqlalchemy.engine.Engine:base.py:1846 PRAGMA main.table_info("price_settings")
INFO     sqlalchemy.engine.Engine:base.py:1846 [raw sql] ()
[...]
2025-12-23 13:09:59,614 INFO sqlalchemy.engine.Engine PRAGMA main.table_info("orders")
2025-12-23 13:09:59,614 INFO sqlalchemy.engine.Engine [raw sql] ()
2025-12-23 13:09:59,615 INFO sqlalchemy.engine.Engine PRAGMA main.table_info("price_settings")
2025-12-23 13:09:59,615 INFO sqlalchemy.engine.Engine [raw sql] ()
2025-12-23 13:09:59,616 INFO sqlalchemy.engine.Engine PRAGMA main.table_info("activities")
2025-12-23 13:09:59,616 INFO sqlalchemy.engine.Engine [raw sql] ()
2025-12-23 13:09:59,616 INFO sqlalchemy.engine.Engine PRAGMA main.table_info("expenses")
2025-12-23 13:09:59,617 INFO sqlalchemy.engine.Engine [raw sql] ()
2025-12-23 13:09:59,617 INFO sqlalchemy.engine.Engine PRAGMA main.table_info("inventory_versions")
2025-12-23 13:09:59,618 INFO sqlalchemy.engine.Engine [raw sql] ()
2025-12-23 13:09:59,618 INFO sqlalchemy.engine.Engine COMMIT
----------------------------- Captured log setup ------------------------------
INFO     sqlalchemy.engine.Engine:base.py:2702 BEGIN (implicit)
INFO     sqlalchemy.engine.Engine:base.py:1846 PRAGMA main.table_info("shifts")
INFO     sqlalchemy.engine.Engine:base.py:1846 [raw sql] ()
INFO     sqlalchemy.engine.Engine:base.py:1846 PRAGMA temp.table_info("shifts")
INFO     sqlalchemy.engine.Engine:base.py:1846 [raw sql] ()
INFO     sqlalchemy.engine.Engine:base.py:1846 PRAGMA main.table_info("cash_events")
INFO     sqlalchemy.engine.Engine:base.py:1846 [raw sql] ()
INFO     sqlalchemy.engine.Engine:base.py:1846 PRAGMA temp.table_info("cash_events")
INFO     sqlalchemy.engine.Engine:base.py:1846 [raw sql] ()
INFO     sqlalchemy.engine.Engine:base.py:1846 PRAGMA main.table_info("customer_adjustments")
INFO     sqlalchemy.engine.Engine:base.py:1846 [raw sql] ()
INFO     sqlalchemy.engine.Engine:base.py:1846 PRAGMA temp.table_info("customer_adjustments")
INFO     sqlalchemy.engine.Engine:base.py:1846 [raw sql] ()
INFO     sqlalchemy.engine.Engine:base.py:1846 PRAGMA main.table_info("customers")
INFO     sqlalchemy.engine.Engine:base.py:1846 [raw sql] ()
INFO     sqlalchemy.engine.Engine:base.py:1846 PRAGMA temp.table_info("customers")
INFO     sqlalchemy.engine.Engine:base.py:1846 [raw sql] ()
INFO     sqlalchemy.engine.Engine:base.py:1846 PRAGMA main.table_info("systems")
INFO     sqlalchemy.engine.Engine:base.py:1846 [raw sql] ()
INFO     sqlalchemy.engine.Engine:base.py:1846 PRAGMA temp.table_info("systems")
INFO     sqlalchemy.engine.Engine:base.py:1846 [raw sql] ()
INFO     sqlalchemy.engine.Engine:base.py:1846 PRAGMA main.table_info("orders")
INFO     sqlalchemy.engine.Engine:base.py:1846 [raw sql] ()
INFO     sqlalchemy.engine.Engine:base.py:1846 PRAGMA temp.table_info("orders")
INFO     sqlalchemy.engine.Engine:base.py:1846 [raw sql] ()
INFO     sqlalchemy.engine.Engine:base.py:1846 PRAGMA main.table_info("price_settings")
INFO     sqlalchemy.engine.Engine:base.py:1846 [raw sql] ()
INFO     sqlalchemy.engine.Engine:base.py:1846 PRAGMA temp.table_info("price_settings")
INFO     sqlalchemy.engine.Engine:base.py:1846 [raw sql] ()
INFO     sqlalchemy.engine.Engine:base.py:1846 PRAGMA main.table_info("activities")
INFO     sqlalchemy.engine.Engine:base.py:1846 [raw sql] ()
INFO     sqlalchemy.engine.Engine:base.py:1846 PRAGMA temp.table_info("activities")
INFO     sqlalchemy.engine.Engine:base.py:1846 [raw sql] ()
INFO     sqlalchemy.engine.Engine:base.py:1846 PRAGMA main.table_info("expenses")
INFO     sqlalchemy.engine.Engine:base.py:1846 [raw sql] ()
INFO     sqlalchemy.engine.Engine:base.py:1846 PRAGMA temp.table_info("expenses")
INFO     sqlalchemy.engine.Engine:base.py:1846 [raw sql] ()
INFO     sqlalchemy.engine.Engine:base.py:1846 PRAGMA main.table_info("inventory_versions")
INFO     sqlalchemy.engine.Engine:base.py:1846 [raw sql] ()
INFO     sqlalchemy.engine.Engine:base.py:1846 PRAGMA temp.table_info("inventory_versions")
INFO     sqlalchemy.engine.Engine:base.py:1846 [raw sql] ()
INFO     sqlalchemy.engine.Engine:base.py:1846 
CREATE TABLE shifts (
	id VARCHAR NOT NULL, 
	opened_at DATETIME NOT NULL, 
	closed_at DATETIME, 
	opening_cash FLOAT NOT NULL, 
	actual_closing_cash FLOAT, 
	is_active BOOLEAN NOT NULL, 
	PRIMARY KEY (id)
)


INFO     sqlalchemy.engine.Engine:base.py:1846 [no key 0.00055s] ()
INFO     sqlalchemy.engine.Engine:base.py:1846 CREATE INDEX ix_shifts_id ON shifts (id)
INFO     sqlalchemy.engine.Engine:base.py:1846 [no key 0.00040s] ()
INFO     sqlalchemy.engine.Engine:base.py:1846 CREATE INDEX ix_shifts_is_active ON shifts (is_active)
INFO     sqlalchemy.engine.Engine:base.py:1846 [no key 0.00033s] ()
INFO     sqlalchemy.engine.Engine:base.py:1846 
CREATE TABLE customers (
	id VARCHAR NOT NULL, 
	name VARCHAR NOT NULL, 
	phone VARCHAR, 
	notes VARCHAR, 
	customer_type VARCHAR NOT NULL, 
	money_balance FLOAT NOT NULL, 
	total_cylinders_delivered_lifetime INTEGER NOT NULL, 
	order_count INTEGER NOT NULL, 
	cylinder_balance_12kg INTEGER NOT NULL, 
	cylinder_balance_48kg INTEGER NOT NULL, 
	created_at DATETIME NOT NULL, 
	updated_at DATETIME, 
	created_by VARCHAR, 
	updated_by VARCHAR, 
	is_deleted BOOLEAN NOT NULL, 
	deleted_at DATETIME, 
	deletion_reason VARCHAR, 
	PRIMARY KEY (id)
)


INFO     sqlalchemy.engine.Engine:base.py:1846 [no key 0.00038s] ()
INFO     sqlalchemy.engine.Engine:base.py:1846 CREATE INDEX ix_customers_is_deleted ON customers (is_deleted)
INFO     sqlalchemy.engine.Engine:base.py:1846 [no key 0.00031s] ()
INFO     sqlalchemy.engine.Engine:base.py:1846 CREATE INDEX ix_customers_id ON customers (id)
INFO     sqlalchemy.engine.Engine:base.py:1846 [no key 0.00032s] ()
INFO     sqlalchemy.engine.Engine:base.py:1846 CREATE INDEX ix_customers_customer_type ON customers (customer_type)
INFO     sqlalchemy.engine.Engine:base.py:1846 [no key 0.00032s] ()
INFO     sqlalchemy.engine.Engine:base.py:1846 
CREATE TABLE price_settings (
	id VARCHAR NOT NULL, 
	gas_type VARCHAR NOT NULL, 
	customer_type VARCHAR NOT NULL, 
	selling_price FLOAT NOT NULL, 
	buying_price FLOAT, 
	effective_from DATETIME NOT NULL, 
	created_at DATETIME NOT NULL, 
	created_by VARCHAR, 
	PRIMARY KEY (id)
)


INFO     sqlalchemy.engine.Engine:base.py:1846 [no key 0.00033s] ()
INFO     sqlalchemy.engine.Engine:base.py:1846 CREATE INDEX ix_price_settings_effective_from ON price_settings (effective_from)
INFO     sqlalchemy.engine.Engine:base.py:1846 [no key 0.00030s] ()
INFO     sqlalchemy.engine.Engine:base.py:1846 CREATE INDEX ix_price_settings_gas_type ON price_settings (gas_type)
INFO     sqlalchemy.engine.Engine:base.py:1846 [no key 0.00031s] ()
INFO     sqlalchemy.engine.Engine:base.py:1846 CREATE INDEX ix_price_settings_customer_type ON price_settings (customer_type)
INFO     sqlalchemy.engine.Engine:base.py:1846 [no key 0.00032s] ()
INFO     sqlalchemy.engine.Engine:base.py:1846 CREATE INDEX ix_price_settings_id ON price_settings (id)
INFO     sqlalchemy.engine.Engine:base.py:1846 [no key 0.00028s] ()
INFO     sqlalchemy.engine.Engine:base.py:1846 
CREATE TABLE activities (
	id VARCHAR NOT NULL, 
	entity_type VARCHAR NOT NULL, 
	entity_id VARCHAR, 
	action VARCHAR NOT NULL, 
	description VARCHAR NOT NULL, 
	metadata TEXT, 
	created_at DATETIME NOT NULL, 
	created_by VARCHAR, 
	PRIMARY KEY (id)
)


INFO     sqlalchemy.engine.Engine:base.py:1846 [no key 0.00040s] ()
INFO     sqlalchemy.engine.Engine:base.py:1846 CREATE INDEX ix_activities_id ON activities (id)
INFO     sqlalchemy.engine.Engine:base.py:1846 [no key 0.00035s] ()
INFO     sqlalchemy.engine.Engine:base.py:1846 CREATE INDEX ix_activities_created_at ON activities (created_at)
INFO     sqlalchemy.engine.Engine:base.py:1846 [no key 0.00035s] ()
INFO     sqlalchemy.engine.Engine:base.py:1846 CREATE INDEX ix_activities_entity_id ON activities (entity_id)
INFO     sqlalchemy.engine.Engine:base.py:1846 [no key 0.00034s] ()
INFO     sqlalchemy.engine.Engine:base.py:1846 CREATE INDEX ix_activities_action ON activities (action)
INFO     sqlalchemy.engine.Engine:base.py:1846 [no key 0.00038s] ()
INFO     sqlalchemy.engine.Engine:base.py:1846 CREATE INDEX ix_activities_entity_type ON activities (entity_type)
INFO     sqlalchemy.engine.Engine:base.py:1846 [no key 0.00047s] ()
INFO     sqlalchemy.engine.Engine:base.py:1846 
CREATE TABLE expenses (
	id VARCHAR NOT NULL, 
	date VARCHAR NOT NULL, 
	expense_type VARCHAR NOT NULL, 
	amount FLOAT NOT NULL, 
	note VARCHAR, 
	created_at DATETIME NOT NULL, 
	created_by VARCHAR, 
	PRIMARY KEY (id), 
	CONSTRAINT uq_expense_date_type UNIQUE (date, expense_type)
)


INFO     sqlalchemy.engine.Engine:base.py:1846 [no key 0.00039s] ()
INFO     sqlalchemy.engine.Engine:base.py:1846 CREATE INDEX ix_expenses_date ON expenses (date)
INFO     sqlalchemy.engine.Engine:base.py:1846 [no key 0.00029s] ()
INFO     sqlalchemy.engine.Engine:base.py:1846 CREATE INDEX ix_expenses_id ON expenses (id)
INFO     sqlalchemy.engine.Engine:base.py:1846 [no key 0.00028s] ()
INFO     sqlalchemy.engine.Engine:base.py:1846 CREATE INDEX ix_expenses_expense_type ON expenses (expense_type)
INFO     sqlalchemy.engine.Engine:base.py:1846 [no key 0.00034s] ()
INFO     sqlalchemy.engine.Engine:base.py:1846 
CREATE TABLE inventory_versions (
	id VARCHAR NOT NULL, 
	gas_type VARCHAR NOT NULL, 
	full_count INTEGER NOT NULL, 
	empty_count INTEGER NOT NULL, 
	reason VARCHAR, 
	event_type VARCHAR, 
	event_id VARCHAR, 
	effective_at DATETIME NOT NULL, 
	created_at DATETIME NOT NULL, 
	created_by VARCHAR, 
	PRIMARY KEY (id)
)


INFO     sqlalchemy.engine.Engine:base.py:1846 [no key 0.00033s] ()
INFO     sqlalchemy.engine.Engine:base.py:1846 CREATE INDEX ix_inventory_versions_event_type ON inventory_versions (event_type)
INFO     sqlalchemy.engine.Engine:base.py:1846 [no key 0.00032s] ()
INFO     sqlalchemy.engine.Engine:base.py:1846 CREATE INDEX ix_inventory_versions_created_by ON inventory_versions (created_by)
INFO     sqlalchemy.engine.Engine:base.py:1846 [no key 0.00036s] ()
INFO     sqlalchemy.engine.Engine:base.py:1846 CREATE INDEX ix_inventory_versions_event_id ON inventory_versions (event_id)
INFO     sqlalchemy.engine.Engine:base.py:1846 [no key 0.00049s] ()
INFO     sqlalchemy.engine.Engine:base.py:1846 CREATE INDEX ix_inventory_versions_gas_type ON inventory_versions (gas_type)
INFO     sqlalchemy.engine.Engine:base.py:1846 [no key 0.00037s] ()
INFO     sqlalchemy.engine.Engine:base.py:1846 CREATE INDEX ix_inventory_versions_id ON inventory_versions (id)
INFO     sqlalchemy.engine.Engine:base.py:1846 [no key 0.00031s] ()
INFO     sqlalchemy.engine.Engine:base.py:1846 CREATE INDEX ix_inventory_versions_created_at ON inventory_versions (created_at)
INFO     sqlalchemy.engine.Engine:base.py:1846 [no key 0.00035s] ()
INFO     sqlalchemy.engine.Engine:base.py:1846 CREATE INDEX ix_inventory_versions_effective_at ON inventory_versions (effective_at)
INFO     sqlalchemy.engine.Engine:base.py:1846 [no key 0.00029s] ()
INFO     sqlalchemy.engine.Engine:base.py:1846 
CREATE TABLE cash_events (
	id VARCHAR NOT NULL, 
	shift_id VARCHAR NOT NULL, 
	direction VARCHAR(3) NOT NULL, 
	amount FLOAT NOT NULL, 
	reason VARCHAR NOT NULL, 
	related_entity_id VARCHAR, 
	created_at DATETIME NOT NULL, 
	PRIMARY KEY (id), 
	FOREIGN KEY(shift_id) REFERENCES shifts (id)
)


INFO     sqlalchemy.engine.Engine:base.py:1846 [no key 0.00028s] ()
INFO     sqlalchemy.engine.Engine:base.py:1846 CREATE INDEX ix_cash_events_shift_id ON cash_events (shift_id)
INFO     sqlalchemy.engine.Engine:base.py:1846 [no key 0.00028s] ()
INFO     sqlalchemy.engine.Engine:base.py:1846 CREATE INDEX ix_cash_events_id ON cash_events (id)
INFO     sqlalchemy.engine.Engine:base.py:1846 [no key 0.00035s] ()
INFO     sqlalchemy.engine.Engine:base.py:1846 
CREATE TABLE customer_adjustments (
	id VARCHAR NOT NULL, 
	customer_id VARCHAR NOT NULL, 
	amount_money FLOAT NOT NULL, 
	count_12kg INTEGER NOT NULL, 
	count_48kg INTEGER NOT NULL, 
	reason VARCHAR NOT NULL, 
	is_inventory_neutral BOOLEAN NOT NULL, 
	created_at DATETIME NOT NULL, 
	PRIMARY KEY (id), 
	FOREIGN KEY(customer_id) REFERENCES customers (id)
)


INFO     sqlalchemy.engine.Engine:base.py:1846 [no key 0.00032s] ()
INFO     sqlalchemy.engine.Engine:base.py:1846 CREATE INDEX ix_customer_adjustments_id ON customer_adjustments (id)
INFO     sqlalchemy.engine.Engine:base.py:1846 [no key 0.00036s] ()
INFO     sqlalchemy.engine.Engine:base.py:1846 CREATE INDEX ix_customer_adjustments_customer_id ON customer_adjustments (customer_id)
INFO     sqlalchemy.engine.Engine:base.py:1846 [no key 0.00035s] ()
INFO     sqlalchemy.engine.Engine:base.py:1846 
CREATE TABLE systems (
	id VARCHAR NOT NULL, 
	customer_id VARCHAR NOT NULL, 
	name VARCHAR NOT NULL, 
	location VARCHAR, 
	system_type VARCHAR NOT NULL, 
	gas_type VARCHAR, 
	system_customer_type VARCHAR, 
	is_deleted BOOLEAN NOT NULL, 
	deleted_at DATETIME, 
	deletion_reason VARCHAR, 
	created_at DATETIME NOT NULL, 
	updated_at DATETIME, 
	created_by VARCHAR, 
	updated_by VARCHAR, 
	is_active BOOLEAN NOT NULL, 
	require_security_check BOOLEAN NOT NULL, 
	security_check_exists BOOLEAN NOT NULL, 
	security_check_date DATETIME, 
	PRIMARY KEY (id), 
	FOREIGN KEY(customer_id) REFERENCES customers (id)
)


INFO     sqlalchemy.engine.Engine:base.py:1846 [no key 0.00040s] ()
INFO     sqlalchemy.engine.Engine:base.py:1846 CREATE INDEX ix_systems_is_active ON systems (is_active)
INFO     sqlalchemy.engine.Engine:base.py:1846 [no key 0.00034s] ()
INFO     sqlalchemy.engine.Engine:base.py:1846 CREATE INDEX ix_systems_customer_id ON systems (customer_id)
INFO     sqlalchemy.engine.Engine:base.py:1846 [no key 0.00032s] ()
INFO     sqlalchemy.engine.Engine:base.py:1846 CREATE INDEX ix_systems_security_check_exists ON systems (security_check_exists)
INFO     sqlalchemy.engine.Engine:base.py:1846 [no key 0.00030s] ()
INFO     sqlalchemy.engine.Engine:base.py:1846 CREATE INDEX ix_systems_gas_type ON systems (gas_type)
INFO     sqlalchemy.engine.Engine:base.py:1846 [no key 0.00035s] ()
INFO     sqlalchemy.engine.Engine:base.py:1846 CREATE INDEX ix_systems_system_customer_type ON systems (system_customer_type)
INFO     sqlalchemy.engine.Engine:base.py:1846 [no key 0.00028s] ()
INFO     sqlalchemy.engine.Engine:base.py:1846 CREATE INDEX ix_systems_system_type ON systems (system_type)
INFO     sqlalchemy.engine.Engine:base.py:1846 [no key 0.00036s] ()
INFO     sqlalchemy.engine.Engine:base.py:1846 CREATE INDEX ix_systems_is_deleted ON systems (is_deleted)
INFO     sqlalchemy.engine.Engine:base.py:1846 [no key 0.00036s] ()
INFO     sqlalchemy.engine.Engine:base.py:1846 CREATE INDEX ix_systems_security_check_date ON systems (security_check_date)
INFO     sqlalchemy.engine.Engine:base.py:1846 [no key 0.00035s] ()
INFO     sqlalchemy.engine.Engine:base.py:1846 CREATE INDEX ix_systems_id ON systems (id)
INFO     sqlalchemy.engine.Engine:base.py:1846 [no key 0.00043s] ()
INFO     sqlalchemy.engine.Engine:base.py:1846 CREATE INDEX ix_systems_require_security_check ON systems (require_security_check)
INFO     sqlalchemy.engine.Engine:base.py:1846 [no key 0.00027s] ()
INFO     sqlalchemy.engine.Engine:base.py:1846 
CREATE TABLE orders (
	id VARCHAR NOT NULL, 
	customer_id VARCHAR NOT NULL, 
	system_id VARCHAR NOT NULL, 
	price_setting_id VARCHAR, 
	unit_price_sell FLOAT, 
	unit_price_buy FLOAT, 
	delivered_at DATETIME NOT NULL, 
	gas_type VARCHAR NOT NULL, 
	cylinders_installed INTEGER NOT NULL, 
	cylinders_received INTEGER NOT NULL, 
	price_total FLOAT NOT NULL, 
	paid_amount FLOAT NOT NULL, 
	note VARCHAR, 
	created_at DATETIME NOT NULL, 
	updated_at DATETIME, 
	created_by VARCHAR, 
	updated_by VARCHAR, 
	is_deleted BOOLEAN NOT NULL, 
	deleted_at DATETIME, 
	deletion_reason VARCHAR, 
	PRIMARY KEY (id), 
	FOREIGN KEY(customer_id) REFERENCES customers (id), 
	FOREIGN KEY(system_id) REFERENCES systems (id), 
	FOREIGN KEY(price_setting_id) REFERENCES price_settings (id)
)


INFO     sqlalchemy.engine.Engine:base.py:1846 [no key 0.00051s] ()
INFO     sqlalchemy.engine.Engine:base.py:1846 CREATE INDEX ix_orders_id ON orders (id)
INFO     sqlalchemy.engine.Engine:base.py:1846 [no key 0.00034s] ()
INFO     sqlalchemy.engine.Engine:base.py:1846 CREATE INDEX ix_orders_delivered_at ON orders (delivered_at)
INFO     sqlalchemy.engine.Engine:base.py:1846 [no key 0.00035s] ()
INFO     sqlalchemy.engine.Engine:base.py:1846 CREATE INDEX ix_orders_price_setting_id ON orders (price_setting_id)
INFO     sqlalchemy.engine.Engine:base.py:1846 [no key 0.00037s] ()
INFO     sqlalchemy.engine.Engine:base.py:1846 CREATE INDEX ix_orders_is_deleted ON orders (is_deleted)
INFO     sqlalchemy.engine.Engine:base.py:1846 [no key 0.00032s] ()
INFO     sqlalchemy.engine.Engine:base.py:1846 CREATE INDEX ix_orders_system_id ON orders (system_id)
INFO     sqlalchemy.engine.Engine:base.py:1846 [no key 0.00035s] ()
INFO     sqlalchemy.engine.Engine:base.py:1846 CREATE INDEX ix_orders_customer_id ON orders (customer_id)
INFO     sqlalchemy.engine.Engine:base.py:1846 [no key 0.00034s] ()
INFO     sqlalchemy.engine.Engine:base.py:1846 CREATE INDEX ix_orders_gas_type ON orders (gas_type)
INFO     sqlalchemy.engine.Engine:base.py:1846 [no key 0.00028s] ()
INFO     sqlalchemy.engine.Engine:base.py:2708 COMMIT
INFO     sqlalchemy.engine.Engine:base.py:2702 BEGIN (implicit)
INFO     sqlalchemy.engine.Engine:base.py:1846 PRAGMA main.table_info("shifts")
INFO     sqlalchemy.engine.Engine:base.py:1846 [raw sql] ()
INFO     sqlalchemy.engine.Engine:base.py:1846 PRAGMA main.table_info("cash_events")
INFO     sqlalchemy.engine.Engine:base.py:1846 [raw sql] ()
INFO     sqlalchemy.engine.Engine:base.py:1846 PRAGMA main.table_info("customer_adjustments")
INFO     sqlalchemy.engine.Engine:base.py:1846 [raw sql] ()
INFO     sqlalchemy.engine.Engine:base.py:1846 PRAGMA main.table_info("customers")
INFO     sqlalchemy.engine.Engine:base.py:1846 [raw sql] ()
INFO     sqlalchemy.engine.Engine:base.py:1846 PRAGMA main.table_info("systems")
INFO     sqlalchemy.engine.Engine:base.py:1846 [raw sql] ()
INFO     sqlalchemy.engine.Engine:base.py:1846 PRAGMA main.table_info("orders")
INFO     sqlalchemy.engine.Engine:base.py:1846 [raw sql] ()
INFO     sqlalchemy.engine.Engine:base.py:1846 PRAGMA main.table_info("price_settings")
INFO     sqlalchemy.engine.Engine:base.py:1846 [raw sql] ()
INFO     sqlalchemy.engine.Engine:base.py:1846 PRAGMA main.table_info("activities")
INFO     sqlalchemy.engine.Engine:base.py:1846 [raw sql] ()
INFO     sqlalchemy.engine.Engine:base.py:1846 PRAGMA main.table_info("expenses")
INFO     sqlalchemy.engine.Engine:base.py:1846 [raw sql] ()
INFO     sqlalchemy.engine.Engine:base.py:1846 PRAGMA main.table_info("inventory_versions")
INFO     sqlalchemy.engine.Engine:base.py:1846 [raw sql] ()
INFO     sqlalchemy.engine.Engine:base.py:2708 COMMIT
============================== warnings summary ===============================
tests/test_distributor_workflow.py::test_daily_shift_and_cash_flow
tests/test_distributor_workflow.py::test_daily_shift_and_cash_flow
tests/test_inventory_logic.py::test_full_recalculate_integrity_pass
tests/test_inventory_logic.py::test_order_create_updates_inventory_pass
tests/test_inventory_logic.py::test_customer_onboarding_integrity_pass
  C:\Users\Mohannad\gas_app_v2\backend\app\config.py:11: PydanticDeprecatedSince20: Support for class-based `config` is deprecated, use ConfigDict instead. Deprecated in Pydantic V2.0 to be removed in V3.0. See Pydantic V2 Migration Guide at https://errors.pydantic.dev/2.12/migration/
    class Settings(BaseSettings):

-- Docs: https://docs.pytest.org/en/stable/how-to/capture-warnings.html
=========================== short test summary info ===========================
FAILED tests/test_distributor_workflow.py::test_daily_shift_and_cash_flow - a...
FAILED tests/test_inventory_logic.py::test_full_recalculate_integrity_pass - ...
FAILED tests/test_inventory_logic.py::test_order_create_updates_inventory_pass
FAILED tests/test_inventory_logic.py::test_customer_onboarding_integrity_pass
======================== 4 failed, 5 warnings in 5.55s ========================
